{"C:\\Users\\Lenovo\\Documents\\GitHub\\FrontProyecto\\src\\App.jsx": {"path":"C:\\Users\\Lenovo\\Documents\\GitHub\\FrontProyecto\\src\\App.jsx","statementMap":{"0":{"start":{"line":19,"column":2},"end":{"line":41,"column":4}}},"fnMap":{"0":{"name":"App","decl":{"start":{"line":18,"column":9},"end":{"line":18,"column":12}},"loc":{"start":{"line":18,"column":15},"end":{"line":42,"column":1}},"line":18}},"branchMap":{},"s":{"0":0},"f":{"0":0},"b":{}}
,"C:\\Users\\Lenovo\\Documents\\GitHub\\FrontProyecto\\src\\main.jsx": {"path":"C:\\Users\\Lenovo\\Documents\\GitHub\\FrontProyecto\\src\\main.jsx","statementMap":{"0":{"start":{"line":6,"column":0},"end":{"line":10,"column":1}}},"fnMap":{},"branchMap":{},"s":{"0":0},"f":{},"b":{}}
,"C:\\Users\\Lenovo\\Documents\\GitHub\\FrontProyecto\\src\\setupTest.js": {"path":"C:\\Users\\Lenovo\\Documents\\GitHub\\FrontProyecto\\src\\setupTest.js","statementMap":{},"fnMap":{},"branchMap":{},"s":{},"f":{},"b":{}}
,"C:\\Users\\Lenovo\\Documents\\GitHub\\FrontProyecto\\src\\components\\auth\\Login.jsx": {"path":"C:\\Users\\Lenovo\\Documents\\GitHub\\FrontProyecto\\src\\components\\auth\\Login.jsx","statementMap":{"0":{"start":{"line":11,"column":14},"end":{"line":144,"column":1}},"1":{"start":{"line":12,"column":28},"end":{"line":12,"column":37}},"2":{"start":{"line":13,"column":26},"end":{"line":13,"column":38}},"3":{"start":{"line":14,"column":34},"end":{"line":14,"column":46}},"4":{"start":{"line":15,"column":42},"end":{"line":15,"column":57}},"5":{"start":{"line":16,"column":28},"end":{"line":16,"column":40}},"6":{"start":{"line":17,"column":19},"end":{"line":17,"column":32}},"7":{"start":{"line":19,"column":22},"end":{"line":38,"column":3}},"8":{"start":{"line":20,"column":4},"end":{"line":37,"column":5}},"9":{"start":{"line":21,"column":23},"end":{"line":30,"column":7}},"10":{"start":{"line":32,"column":6},"end":{"line":34,"column":7}},"11":{"start":{"line":33,"column":8},"end":{"line":33,"column":31}},"12":{"start":{"line":36,"column":6},"end":{"line":36,"column":59}},"13":{"start":{"line":40,"column":2},"end":{"line":45,"column":17}},"14":{"start":{"line":41,"column":18},"end":{"line":41,"column":47}},"15":{"start":{"line":42,"column":4},"end":{"line":44,"column":5}},"16":{"start":{"line":43,"column":6},"end":{"line":43,"column":25}},"17":{"start":{"line":47,"column":23},"end":{"line":104,"column":3}},"18":{"start":{"line":48,"column":4},"end":{"line":48,"column":23}},"19":{"start":{"line":50,"column":4},"end":{"line":53,"column":5}},"20":{"start":{"line":51,"column":6},"end":{"line":51,"column":50}},"21":{"start":{"line":52,"column":6},"end":{"line":52,"column":13}},"22":{"start":{"line":55,"column":22},"end":{"line":55,"column":40}},"23":{"start":{"line":57,"column":4},"end":{"line":103,"column":5}},"24":{"start":{"line":58,"column":23},"end":{"line":67,"column":7}},"25":{"start":{"line":69,"column":6},"end":{"line":78,"column":7}},"26":{"start":{"line":70,"column":26},"end":{"line":70,"column":47}},"27":{"start":{"line":71,"column":8},"end":{"line":76,"column":11}},"28":{"start":{"line":77,"column":8},"end":{"line":77,"column":15}},"29":{"start":{"line":80,"column":19},"end":{"line":80,"column":40}},"30":{"start":{"line":81,"column":6},"end":{"line":81,"column":35}},"31":{"start":{"line":82,"column":6},"end":{"line":82,"column":50}},"32":{"start":{"line":84,"column":6},"end":{"line":84,"column":48}},"33":{"start":{"line":86,"column":6},"end":{"line":94,"column":9}},"34":{"start":{"line":93,"column":8},"end":{"line":93,"column":31}},"35":{"start":{"line":96,"column":6},"end":{"line":96,"column":53}},"36":{"start":{"line":97,"column":6},"end":{"line":102,"column":9}},"37":{"start":{"line":106,"column":2},"end":{"line":143,"column":4}},"38":{"start":{"line":113,"column":27},"end":{"line":113,"column":50}},"39":{"start":{"line":120,"column":29},"end":{"line":120,"column":56}},"40":{"start":{"line":125,"column":27},"end":{"line":125,"column":57}}},"fnMap":{"0":{"name":"(anonymous_0)","decl":{"start":{"line":11,"column":14},"end":{"line":11,"column":15}},"loc":{"start":{"line":11,"column":20},"end":{"line":144,"column":1}},"line":11},"1":{"name":"(anonymous_1)","decl":{"start":{"line":19,"column":22},"end":{"line":19,"column":23}},"loc":{"start":{"line":19,"column":39},"end":{"line":38,"column":3}},"line":19},"2":{"name":"(anonymous_2)","decl":{"start":{"line":40,"column":12},"end":{"line":40,"column":13}},"loc":{"start":{"line":40,"column":18},"end":{"line":45,"column":3}},"line":40},"3":{"name":"(anonymous_3)","decl":{"start":{"line":47,"column":23},"end":{"line":47,"column":24}},"loc":{"start":{"line":47,"column":36},"end":{"line":104,"column":3}},"line":47},"4":{"name":"(anonymous_4)","decl":{"start":{"line":92,"column":14},"end":{"line":92,"column":15}},"loc":{"start":{"line":92,"column":20},"end":{"line":94,"column":7}},"line":92},"5":{"name":"(anonymous_5)","decl":{"start":{"line":113,"column":20},"end":{"line":113,"column":21}},"loc":{"start":{"line":113,"column":27},"end":{"line":113,"column":50}},"line":113},"6":{"name":"(anonymous_6)","decl":{"start":{"line":120,"column":22},"end":{"line":120,"column":23}},"loc":{"start":{"line":120,"column":29},"end":{"line":120,"column":56}},"line":120},"7":{"name":"(anonymous_7)","decl":{"start":{"line":125,"column":21},"end":{"line":125,"column":22}},"loc":{"start":{"line":125,"column":27},"end":{"line":125,"column":57}},"line":125}},"branchMap":{"0":{"loc":{"start":{"line":32,"column":6},"end":{"line":34,"column":7}},"type":"if","locations":[{"start":{"line":32,"column":6},"end":{"line":34,"column":7}},{"start":{},"end":{}}],"line":32},"1":{"loc":{"start":{"line":42,"column":4},"end":{"line":44,"column":5}},"type":"if","locations":[{"start":{"line":42,"column":4},"end":{"line":44,"column":5}},{"start":{},"end":{}}],"line":42},"2":{"loc":{"start":{"line":50,"column":4},"end":{"line":53,"column":5}},"type":"if","locations":[{"start":{"line":50,"column":4},"end":{"line":53,"column":5}},{"start":{},"end":{}}],"line":50},"3":{"loc":{"start":{"line":50,"column":8},"end":{"line":50,"column":26}},"type":"binary-expr","locations":[{"start":{"line":50,"column":8},"end":{"line":50,"column":13}},{"start":{"line":50,"column":17},"end":{"line":50,"column":26}}],"line":50},"4":{"loc":{"start":{"line":69,"column":6},"end":{"line":78,"column":7}},"type":"if","locations":[{"start":{"line":69,"column":6},"end":{"line":78,"column":7}},{"start":{},"end":{}}],"line":69},"5":{"loc":{"start":{"line":117,"column":18},"end":{"line":117,"column":52}},"type":"cond-expr","locations":[{"start":{"line":117,"column":33},"end":{"line":117,"column":39}},{"start":{"line":117,"column":42},"end":{"line":117,"column":52}}],"line":117},"6":{"loc":{"start":{"line":128,"column":13},"end":{"line":128,"column":68}},"type":"cond-expr","locations":[{"start":{"line":128,"column":28},"end":{"line":128,"column":48}},{"start":{"line":128,"column":51},"end":{"line":128,"column":68}}],"line":128},"7":{"loc":{"start":{"line":131,"column":9},"end":{"line":131,"column":65}},"type":"binary-expr","locations":[{"start":{"line":131,"column":9},"end":{"line":131,"column":14}},{"start":{"line":131,"column":18},"end":{"line":131,"column":65}}],"line":131}},"s":{"0":1,"1":5,"2":5,"3":5,"4":5,"5":5,"6":5,"7":5,"8":0,"9":0,"10":0,"11":0,"12":0,"13":5,"14":5,"15":5,"16":0,"17":5,"18":1,"19":1,"20":1,"21":1,"22":0,"23":0,"24":0,"25":0,"26":0,"27":0,"28":0,"29":0,"30":0,"31":0,"32":0,"33":0,"34":0,"35":0,"36":0,"37":5,"38":0,"39":0,"40":2},"f":{"0":5,"1":0,"2":5,"3":1,"4":0,"5":0,"6":0,"7":2},"b":{"0":[0,0],"1":[0,5],"2":[1,0],"3":[1,0],"4":[0,0],"5":[1,4],"6":[1,4],"7":[5,1]},"_coverageSchema":"1a1c01bbd47fc00a2c39e90264f33305004495a9","hash":"ac0a76434111a56d09c34f6d81114161ddaf5757"}
,"C:\\Users\\Lenovo\\Documents\\GitHub\\FrontProyecto\\src\\components\\auth\\Password.jsx": {"path":"C:\\Users\\Lenovo\\Documents\\GitHub\\FrontProyecto\\src\\components\\auth\\Password.jsx","statementMap":{"0":{"start":{"line":9,"column":17},"end":{"line":94,"column":1}},"1":{"start":{"line":10,"column":28},"end":{"line":10,"column":37}},"2":{"start":{"line":11,"column":34},"end":{"line":11,"column":46}},"3":{"start":{"line":12,"column":48},"end":{"line":12,"column":60}},"4":{"start":{"line":13,"column":28},"end":{"line":13,"column":40}},"5":{"start":{"line":15,"column":19},"end":{"line":15,"column":32}},"6":{"start":{"line":17,"column":2},"end":{"line":21,"column":23}},"7":{"start":{"line":18,"column":4},"end":{"line":20,"column":5}},"8":{"start":{"line":19,"column":6},"end":{"line":19,"column":25}},"9":{"start":{"line":24,"column":27},"end":{"line":27,"column":3}},"10":{"start":{"line":25,"column":26},"end":{"line":25,"column":88}},"11":{"start":{"line":26,"column":4},"end":{"line":26,"column":40}},"12":{"start":{"line":29,"column":23},"end":{"line":57,"column":3}},"13":{"start":{"line":30,"column":4},"end":{"line":30,"column":23}},"14":{"start":{"line":33,"column":4},"end":{"line":36,"column":5}},"15":{"start":{"line":34,"column":6},"end":{"line":34,"column":52}},"16":{"start":{"line":35,"column":6},"end":{"line":35,"column":13}},"17":{"start":{"line":39,"column":4},"end":{"line":42,"column":5}},"18":{"start":{"line":40,"column":6},"end":{"line":40,"column":111}},"19":{"start":{"line":41,"column":6},"end":{"line":41,"column":13}},"20":{"start":{"line":45,"column":4},"end":{"line":48,"column":5}},"21":{"start":{"line":46,"column":6},"end":{"line":46,"column":47}},"22":{"start":{"line":47,"column":6},"end":{"line":47,"column":13}},"23":{"start":{"line":51,"column":4},"end":{"line":54,"column":7}},"24":{"start":{"line":56,"column":4},"end":{"line":56,"column":31}},"25":{"start":{"line":59,"column":2},"end":{"line":93,"column":4}},"26":{"start":{"line":67,"column":12},"end":{"line":67,"column":40}},"27":{"start":{"line":68,"column":12},"end":{"line":68,"column":25}},"28":{"start":{"line":76,"column":12},"end":{"line":76,"column":47}},"29":{"start":{"line":77,"column":12},"end":{"line":77,"column":25}}},"fnMap":{"0":{"name":"(anonymous_0)","decl":{"start":{"line":9,"column":17},"end":{"line":9,"column":18}},"loc":{"start":{"line":9,"column":23},"end":{"line":94,"column":1}},"line":9},"1":{"name":"(anonymous_1)","decl":{"start":{"line":17,"column":12},"end":{"line":17,"column":13}},"loc":{"start":{"line":17,"column":18},"end":{"line":21,"column":3}},"line":17},"2":{"name":"(anonymous_2)","decl":{"start":{"line":24,"column":27},"end":{"line":24,"column":28}},"loc":{"start":{"line":24,"column":41},"end":{"line":27,"column":3}},"line":24},"3":{"name":"(anonymous_3)","decl":{"start":{"line":29,"column":23},"end":{"line":29,"column":24}},"loc":{"start":{"line":29,"column":30},"end":{"line":57,"column":3}},"line":29},"4":{"name":"(anonymous_4)","decl":{"start":{"line":66,"column":20},"end":{"line":66,"column":21}},"loc":{"start":{"line":66,"column":27},"end":{"line":69,"column":11}},"line":66},"5":{"name":"(anonymous_5)","decl":{"start":{"line":75,"column":20},"end":{"line":75,"column":21}},"loc":{"start":{"line":75,"column":27},"end":{"line":78,"column":11}},"line":75}},"branchMap":{"0":{"loc":{"start":{"line":18,"column":4},"end":{"line":20,"column":5}},"type":"if","locations":[{"start":{"line":18,"column":4},"end":{"line":20,"column":5}},{"start":{},"end":{}}],"line":18},"1":{"loc":{"start":{"line":33,"column":4},"end":{"line":36,"column":5}},"type":"if","locations":[{"start":{"line":33,"column":4},"end":{"line":36,"column":5}},{"start":{},"end":{}}],"line":33},"2":{"loc":{"start":{"line":33,"column":8},"end":{"line":33,"column":37}},"type":"binary-expr","locations":[{"start":{"line":33,"column":8},"end":{"line":33,"column":17}},{"start":{"line":33,"column":21},"end":{"line":33,"column":37}}],"line":33},"3":{"loc":{"start":{"line":39,"column":4},"end":{"line":42,"column":5}},"type":"if","locations":[{"start":{"line":39,"column":4},"end":{"line":42,"column":5}},{"start":{},"end":{}}],"line":39},"4":{"loc":{"start":{"line":45,"column":4},"end":{"line":48,"column":5}},"type":"if","locations":[{"start":{"line":45,"column":4},"end":{"line":48,"column":5}},{"start":{},"end":{}}],"line":45},"5":{"loc":{"start":{"line":80,"column":9},"end":{"line":80,"column":65}},"type":"binary-expr","locations":[{"start":{"line":80,"column":9},"end":{"line":80,"column":14}},{"start":{"line":80,"column":18},"end":{"line":80,"column":65}}],"line":80}},"s":{"0":1,"1":14,"2":14,"3":14,"4":14,"5":14,"6":14,"7":5,"8":1,"9":14,"10":3,"11":3,"12":14,"13":4,"14":4,"15":1,"16":1,"17":3,"18":1,"19":1,"20":2,"21":1,"22":1,"23":1,"24":1,"25":14,"26":3,"27":3,"28":3,"29":3},"f":{"0":14,"1":5,"2":3,"3":4,"4":3,"5":3},"b":{"0":[1,4],"1":[1,3],"2":[4,3],"3":[1,2],"4":[1,1],"5":[14,3]},"_coverageSchema":"1a1c01bbd47fc00a2c39e90264f33305004495a9","hash":"9258d7092e5dcae40ea8bbc7b5f9e88720c3c35d"}
,"C:\\Users\\Lenovo\\Documents\\GitHub\\FrontProyecto\\src\\components\\auth\\Register.jsx": {"path":"C:\\Users\\Lenovo\\Documents\\GitHub\\FrontProyecto\\src\\components\\auth\\Register.jsx","statementMap":{"0":{"start":{"line":9,"column":17},"end":{"line":93,"column":1}},"1":{"start":{"line":10,"column":28},"end":{"line":10,"column":37}},"2":{"start":{"line":11,"column":26},"end":{"line":11,"column":38}},"3":{"start":{"line":12,"column":34},"end":{"line":12,"column":46}},"4":{"start":{"line":13,"column":26},"end":{"line":13,"column":38}},"5":{"start":{"line":14,"column":38},"end":{"line":14,"column":50}},"6":{"start":{"line":15,"column":28},"end":{"line":15,"column":40}},"7":{"start":{"line":17,"column":19},"end":{"line":17,"column":32}},"8":{"start":{"line":20,"column":24},"end":{"line":23,"column":3}},"9":{"start":{"line":21,"column":23},"end":{"line":21,"column":51}},"10":{"start":{"line":22,"column":4},"end":{"line":22,"column":34}},"11":{"start":{"line":25,"column":23},"end":{"line":49,"column":3}},"12":{"start":{"line":26,"column":4},"end":{"line":26,"column":23}},"13":{"start":{"line":29,"column":4},"end":{"line":32,"column":5}},"14":{"start":{"line":30,"column":6},"end":{"line":30,"column":52}},"15":{"start":{"line":31,"column":6},"end":{"line":31,"column":13}},"16":{"start":{"line":35,"column":4},"end":{"line":38,"column":5}},"17":{"start":{"line":36,"column":6},"end":{"line":36,"column":58}},"18":{"start":{"line":37,"column":6},"end":{"line":37,"column":13}},"19":{"start":{"line":41,"column":4},"end":{"line":46,"column":7}},"20":{"start":{"line":48,"column":4},"end":{"line":48,"column":26}},"21":{"start":{"line":51,"column":2},"end":{"line":92,"column":4}},"22":{"start":{"line":59,"column":27},"end":{"line":59,"column":50}},"23":{"start":{"line":65,"column":27},"end":{"line":65,"column":54}},"24":{"start":{"line":72,"column":12},"end":{"line":72,"column":36}},"25":{"start":{"line":73,"column":12},"end":{"line":73,"column":30}},"26":{"start":{"line":74,"column":12},"end":{"line":74,"column":25}}},"fnMap":{"0":{"name":"(anonymous_0)","decl":{"start":{"line":9,"column":17},"end":{"line":9,"column":18}},"loc":{"start":{"line":9,"column":23},"end":{"line":93,"column":1}},"line":9},"1":{"name":"(anonymous_1)","decl":{"start":{"line":20,"column":24},"end":{"line":20,"column":25}},"loc":{"start":{"line":20,"column":35},"end":{"line":23,"column":3}},"line":20},"2":{"name":"(anonymous_2)","decl":{"start":{"line":25,"column":23},"end":{"line":25,"column":24}},"loc":{"start":{"line":25,"column":30},"end":{"line":49,"column":3}},"line":25},"3":{"name":"(anonymous_3)","decl":{"start":{"line":59,"column":20},"end":{"line":59,"column":21}},"loc":{"start":{"line":59,"column":27},"end":{"line":59,"column":50}},"line":59},"4":{"name":"(anonymous_4)","decl":{"start":{"line":65,"column":20},"end":{"line":65,"column":21}},"loc":{"start":{"line":65,"column":27},"end":{"line":65,"column":54}},"line":65},"5":{"name":"(anonymous_5)","decl":{"start":{"line":71,"column":20},"end":{"line":71,"column":21}},"loc":{"start":{"line":71,"column":27},"end":{"line":75,"column":11}},"line":71}},"branchMap":{"0":{"loc":{"start":{"line":29,"column":4},"end":{"line":32,"column":5}},"type":"if","locations":[{"start":{"line":29,"column":4},"end":{"line":32,"column":5}},{"start":{},"end":{}}],"line":29},"1":{"loc":{"start":{"line":29,"column":8},"end":{"line":29,"column":35}},"type":"binary-expr","locations":[{"start":{"line":29,"column":8},"end":{"line":29,"column":13}},{"start":{"line":29,"column":17},"end":{"line":29,"column":26}},{"start":{"line":29,"column":30},"end":{"line":29,"column":35}}],"line":29},"2":{"loc":{"start":{"line":35,"column":4},"end":{"line":38,"column":5}},"type":"if","locations":[{"start":{"line":35,"column":4},"end":{"line":38,"column":5}},{"start":{},"end":{}}],"line":35},"3":{"loc":{"start":{"line":77,"column":9},"end":{"line":77,"column":75}},"type":"binary-expr","locations":[{"start":{"line":77,"column":9},"end":{"line":77,"column":19}},{"start":{"line":77,"column":23},"end":{"line":77,"column":75}}],"line":77},"4":{"loc":{"start":{"line":78,"column":9},"end":{"line":78,"column":65}},"type":"binary-expr","locations":[{"start":{"line":78,"column":9},"end":{"line":78,"column":14}},{"start":{"line":78,"column":18},"end":{"line":78,"column":65}}],"line":78}},"s":{"0":1,"1":11,"2":11,"3":11,"4":11,"5":11,"6":11,"7":11,"8":11,"9":2,"10":2,"11":11,"12":3,"13":3,"14":1,"15":1,"16":2,"17":1,"18":1,"19":1,"20":1,"21":11,"22":2,"23":2,"24":2,"25":2,"26":2},"f":{"0":11,"1":2,"2":3,"3":2,"4":2,"5":2},"b":{"0":[1,2],"1":[3,2,2],"2":[1,1],"3":[11,1],"4":[11,1]},"_coverageSchema":"1a1c01bbd47fc00a2c39e90264f33305004495a9","hash":"37cc02870dcaa2d61693645429eb7d71de351ac4"}
,"C:\\Users\\Lenovo\\Documents\\GitHub\\FrontProyecto\\src\\components\\auth\\UserContext.jsx": {"path":"C:\\Users\\Lenovo\\Documents\\GitHub\\FrontProyecto\\src\\components\\auth\\UserContext.jsx","statementMap":{"0":{"start":{"line":4,"column":20},"end":{"line":4,"column":35}},"1":{"start":{"line":7,"column":23},"end":{"line":9,"column":1}},"2":{"start":{"line":8,"column":2},"end":{"line":8,"column":33}},"3":{"start":{"line":12,"column":21},"end":{"line":28,"column":1}},"4":{"start":{"line":13,"column":26},"end":{"line":21,"column":4}},"5":{"start":{"line":23,"column":2},"end":{"line":27,"column":4}}},"fnMap":{"0":{"name":"(anonymous_0)","decl":{"start":{"line":7,"column":23},"end":{"line":7,"column":24}},"loc":{"start":{"line":7,"column":29},"end":{"line":9,"column":1}},"line":7},"1":{"name":"(anonymous_1)","decl":{"start":{"line":12,"column":21},"end":{"line":12,"column":22}},"loc":{"start":{"line":12,"column":39},"end":{"line":28,"column":1}},"line":12}},"branchMap":{},"s":{"0":2,"1":2,"2":0,"3":2,"4":0,"5":0},"f":{"0":0,"1":0},"b":{},"_coverageSchema":"1a1c01bbd47fc00a2c39e90264f33305004495a9","hash":"563d224016b944fa06fde6940ea93f6ac42455e1"}
,"C:\\Users\\Lenovo\\Documents\\GitHub\\FrontProyecto\\src\\components\\auth\\Welcome.jsx": {"path":"C:\\Users\\Lenovo\\Documents\\GitHub\\FrontProyecto\\src\\components\\auth\\Welcome.jsx","statementMap":{"0":{"start":{"line":5,"column":16},"end":{"line":43,"column":1}},"1":{"start":{"line":6,"column":19},"end":{"line":6,"column":32}},"2":{"start":{"line":8,"column":2},"end":{"line":42,"column":4}},"3":{"start":{"line":28,"column":27},"end":{"line":28,"column":45}},"4":{"start":{"line":34,"column":27},"end":{"line":34,"column":48}}},"fnMap":{"0":{"name":"(anonymous_0)","decl":{"start":{"line":5,"column":16},"end":{"line":5,"column":17}},"loc":{"start":{"line":5,"column":22},"end":{"line":43,"column":1}},"line":5},"1":{"name":"(anonymous_1)","decl":{"start":{"line":28,"column":21},"end":{"line":28,"column":22}},"loc":{"start":{"line":28,"column":27},"end":{"line":28,"column":45}},"line":28},"2":{"name":"(anonymous_2)","decl":{"start":{"line":34,"column":21},"end":{"line":34,"column":22}},"loc":{"start":{"line":34,"column":27},"end":{"line":34,"column":48}},"line":34}},"branchMap":{},"s":{"0":0,"1":0,"2":0,"3":0,"4":0},"f":{"0":0,"1":0,"2":0},"b":{}}
,"C:\\Users\\Lenovo\\Documents\\GitHub\\FrontProyecto\\src\\components\\driver\\EditVehicle.jsx": {"path":"C:\\Users\\Lenovo\\Documents\\GitHub\\FrontProyecto\\src\\components\\driver\\EditVehicle.jsx","statementMap":{"0":{"start":{"line":8,"column":20},"end":{"line":252,"column":1}},"1":{"start":{"line":9,"column":42},"end":{"line":9,"column":56}},"2":{"start":{"line":10,"column":36},"end":{"line":10,"column":50}},"3":{"start":{"line":11,"column":28},"end":{"line":11,"column":40}},"4":{"start":{"line":12,"column":34},"end":{"line":12,"column":45}},"5":{"start":{"line":13,"column":28},"end":{"line":13,"column":40}},"6":{"start":{"line":14,"column":28},"end":{"line":14,"column":40}},"7":{"start":{"line":15,"column":28},"end":{"line":15,"column":40}},"8":{"start":{"line":16,"column":19},"end":{"line":16,"column":32}},"9":{"start":{"line":18,"column":2},"end":{"line":47,"column":17}},"10":{"start":{"line":20,"column":25},"end":{"line":44,"column":5}},"11":{"start":{"line":21,"column":6},"end":{"line":43,"column":7}},"12":{"start":{"line":22,"column":22},"end":{"line":22,"column":51}},"13":{"start":{"line":23,"column":25},"end":{"line":28,"column":10}},"14":{"start":{"line":30,"column":8},"end":{"line":32,"column":9}},"15":{"start":{"line":31,"column":10},"end":{"line":31,"column":76}},"16":{"start":{"line":34,"column":21},"end":{"line":34,"column":42}},"17":{"start":{"line":35,"column":8},"end":{"line":35,"column":40}},"18":{"start":{"line":36,"column":8},"end":{"line":36,"column":43}},"19":{"start":{"line":37,"column":8},"end":{"line":37,"column":37}},"20":{"start":{"line":38,"column":8},"end":{"line":38,"column":37}},"21":{"start":{"line":39,"column":8},"end":{"line":39,"column":37}},"22":{"start":{"line":41,"column":8},"end":{"line":41,"column":72}},"23":{"start":{"line":42,"column":8},"end":{"line":42,"column":34}},"24":{"start":{"line":46,"column":4},"end":{"line":46,"column":19}},"25":{"start":{"line":49,"column":29},"end":{"line":66,"column":3}},"26":{"start":{"line":50,"column":21},"end":{"line":50,"column":35}},"27":{"start":{"line":51,"column":4},"end":{"line":51,"column":34}},"28":{"start":{"line":52,"column":4},"end":{"line":52,"column":51}},"29":{"start":{"line":54,"column":4},"end":{"line":65,"column":5}},"30":{"start":{"line":55,"column":23},"end":{"line":58,"column":8}},"31":{"start":{"line":60,"column":19},"end":{"line":60,"column":40}},"32":{"start":{"line":61,"column":6},"end":{"line":61,"column":29}},"33":{"start":{"line":63,"column":6},"end":{"line":63,"column":69}},"34":{"start":{"line":64,"column":6},"end":{"line":64,"column":18}},"35":{"start":{"line":68,"column":28},"end":{"line":78,"column":3}},"36":{"start":{"line":69,"column":17},"end":{"line":69,"column":34}},"37":{"start":{"line":70,"column":4},"end":{"line":77,"column":5}},"38":{"start":{"line":71,"column":6},"end":{"line":76,"column":7}},"39":{"start":{"line":72,"column":25},"end":{"line":72,"column":55}},"40":{"start":{"line":73,"column":8},"end":{"line":73,"column":27}},"41":{"start":{"line":75,"column":8},"end":{"line":75,"column":58}},"42":{"start":{"line":80,"column":23},"end":{"line":138,"column":3}},"43":{"start":{"line":81,"column":4},"end":{"line":88,"column":5}},"44":{"start":{"line":82,"column":6},"end":{"line":86,"column":9}},"45":{"start":{"line":87,"column":6},"end":{"line":87,"column":13}},"46":{"start":{"line":90,"column":31},"end":{"line":98,"column":5}},"47":{"start":{"line":100,"column":4},"end":{"line":137,"column":5}},"48":{"start":{"line":101,"column":20},"end":{"line":101,"column":49}},"49":{"start":{"line":102,"column":23},"end":{"line":109,"column":8}},"50":{"start":{"line":111,"column":6},"end":{"line":119,"column":7}},"51":{"start":{"line":112,"column":26},"end":{"line":112,"column":47}},"52":{"start":{"line":113,"column":8},"end":{"line":117,"column":11}},"53":{"start":{"line":118,"column":8},"end":{"line":118,"column":15}},"54":{"start":{"line":121,"column":21},"end":{"line":121,"column":42}},"55":{"start":{"line":122,"column":6},"end":{"line":129,"column":9}},"56":{"start":{"line":128,"column":25},"end":{"line":128,"column":50}},"57":{"start":{"line":131,"column":6},"end":{"line":131,"column":63}},"58":{"start":{"line":132,"column":6},"end":{"line":136,"column":9}},"59":{"start":{"line":140,"column":2},"end":{"line":251,"column":4}},"60":{"start":{"line":158,"column":35},"end":{"line":158,"column":56}},"61":{"start":{"line":177,"column":31},"end":{"line":177,"column":68}},"62":{"start":{"line":181,"column":86},"end":{"line":181,"column":110}},"63":{"start":{"line":182,"column":86},"end":{"line":182,"column":110}},"64":{"start":{"line":183,"column":87},"end":{"line":183,"column":111}},"65":{"start":{"line":184,"column":86},"end":{"line":184,"column":110}},"66":{"start":{"line":195,"column":29},"end":{"line":195,"column":56}},"67":{"start":{"line":211,"column":35},"end":{"line":211,"column":53}},"68":{"start":{"line":230,"column":31},"end":{"line":230,"column":65}},"69":{"start":{"line":236,"column":29},"end":{"line":236,"column":54}}},"fnMap":{"0":{"name":"(anonymous_0)","decl":{"start":{"line":8,"column":20},"end":{"line":8,"column":21}},"loc":{"start":{"line":8,"column":26},"end":{"line":252,"column":1}},"line":8},"1":{"name":"(anonymous_1)","decl":{"start":{"line":18,"column":12},"end":{"line":18,"column":13}},"loc":{"start":{"line":18,"column":18},"end":{"line":47,"column":3}},"line":18},"2":{"name":"(anonymous_2)","decl":{"start":{"line":20,"column":25},"end":{"line":20,"column":26}},"loc":{"start":{"line":20,"column":37},"end":{"line":44,"column":5}},"line":20},"3":{"name":"(anonymous_3)","decl":{"start":{"line":49,"column":29},"end":{"line":49,"column":30}},"loc":{"start":{"line":49,"column":45},"end":{"line":66,"column":3}},"line":49},"4":{"name":"(anonymous_4)","decl":{"start":{"line":68,"column":28},"end":{"line":68,"column":29}},"loc":{"start":{"line":68,"column":51},"end":{"line":78,"column":3}},"line":68},"5":{"name":"(anonymous_5)","decl":{"start":{"line":80,"column":23},"end":{"line":80,"column":24}},"loc":{"start":{"line":80,"column":35},"end":{"line":138,"column":3}},"line":80},"6":{"name":"(anonymous_6)","decl":{"start":{"line":128,"column":19},"end":{"line":128,"column":20}},"loc":{"start":{"line":128,"column":25},"end":{"line":128,"column":50}},"line":128},"7":{"name":"(anonymous_7)","decl":{"start":{"line":158,"column":29},"end":{"line":158,"column":30}},"loc":{"start":{"line":158,"column":35},"end":{"line":158,"column":56}},"line":158},"8":{"name":"(anonymous_8)","decl":{"start":{"line":177,"column":24},"end":{"line":177,"column":25}},"loc":{"start":{"line":177,"column":31},"end":{"line":177,"column":68}},"line":177},"9":{"name":"(anonymous_9)","decl":{"start":{"line":181,"column":79},"end":{"line":181,"column":80}},"loc":{"start":{"line":181,"column":86},"end":{"line":181,"column":110}},"line":181},"10":{"name":"(anonymous_10)","decl":{"start":{"line":182,"column":79},"end":{"line":182,"column":80}},"loc":{"start":{"line":182,"column":86},"end":{"line":182,"column":110}},"line":182},"11":{"name":"(anonymous_11)","decl":{"start":{"line":183,"column":80},"end":{"line":183,"column":81}},"loc":{"start":{"line":183,"column":87},"end":{"line":183,"column":111}},"line":183},"12":{"name":"(anonymous_12)","decl":{"start":{"line":184,"column":79},"end":{"line":184,"column":80}},"loc":{"start":{"line":184,"column":86},"end":{"line":184,"column":110}},"line":184},"13":{"name":"(anonymous_13)","decl":{"start":{"line":195,"column":22},"end":{"line":195,"column":23}},"loc":{"start":{"line":195,"column":29},"end":{"line":195,"column":56}},"line":195},"14":{"name":"(anonymous_14)","decl":{"start":{"line":211,"column":29},"end":{"line":211,"column":30}},"loc":{"start":{"line":211,"column":35},"end":{"line":211,"column":53}},"line":211},"15":{"name":"(anonymous_15)","decl":{"start":{"line":230,"column":24},"end":{"line":230,"column":25}},"loc":{"start":{"line":230,"column":31},"end":{"line":230,"column":65}},"line":230},"16":{"name":"(anonymous_16)","decl":{"start":{"line":236,"column":23},"end":{"line":236,"column":24}},"loc":{"start":{"line":236,"column":29},"end":{"line":236,"column":54}},"line":236}},"branchMap":{"0":{"loc":{"start":{"line":30,"column":8},"end":{"line":32,"column":9}},"type":"if","locations":[{"start":{"line":30,"column":8},"end":{"line":32,"column":9}},{"start":{},"end":{}}],"line":30},"1":{"loc":{"start":{"line":70,"column":4},"end":{"line":77,"column":5}},"type":"if","locations":[{"start":{"line":70,"column":4},"end":{"line":77,"column":5}},{"start":{},"end":{}}],"line":70},"2":{"loc":{"start":{"line":81,"column":4},"end":{"line":88,"column":5}},"type":"if","locations":[{"start":{"line":81,"column":4},"end":{"line":88,"column":5}},{"start":{},"end":{}}],"line":81},"3":{"loc":{"start":{"line":81,"column":8},"end":{"line":81,"column":88}},"type":"binary-expr","locations":[{"start":{"line":81,"column":8},"end":{"line":81,"column":14}},{"start":{"line":81,"column":18},"end":{"line":81,"column":27}},{"start":{"line":81,"column":31},"end":{"line":81,"column":37}},{"start":{"line":81,"column":41},"end":{"line":81,"column":47}},{"start":{"line":81,"column":51},"end":{"line":81,"column":57}},{"start":{"line":81,"column":61},"end":{"line":81,"column":74}},{"start":{"line":81,"column":78},"end":{"line":81,"column":88}}],"line":81},"4":{"loc":{"start":{"line":111,"column":6},"end":{"line":119,"column":7}},"type":"if","locations":[{"start":{"line":111,"column":6},"end":{"line":119,"column":7}},{"start":{},"end":{}}],"line":111},"5":{"loc":{"start":{"line":116,"column":54},"end":{"line":116,"column":77}},"type":"binary-expr","locations":[{"start":{"line":116,"column":54},"end":{"line":116,"column":71}},{"start":{"line":116,"column":75},"end":{"line":116,"column":77}}],"line":116},"6":{"loc":{"start":{"line":125,"column":14},"end":{"line":125,"column":68}},"type":"binary-expr","locations":[{"start":{"line":125,"column":14},"end":{"line":125,"column":28}},{"start":{"line":125,"column":32},"end":{"line":125,"column":68}}],"line":125},"7":{"loc":{"start":{"line":152,"column":15},"end":{"line":170,"column":15}},"type":"cond-expr","locations":[{"start":{"line":153,"column":16},"end":{"line":162,"column":19}},{"start":{"line":164,"column":16},"end":{"line":169,"column":19}}],"line":152},"8":{"loc":{"start":{"line":205,"column":15},"end":{"line":223,"column":15}},"type":"cond-expr","locations":[{"start":{"line":206,"column":16},"end":{"line":215,"column":19}},{"start":{"line":217,"column":16},"end":{"line":222,"column":19}}],"line":205}},"s":{"0":0,"1":0,"2":0,"3":0,"4":0,"5":0,"6":0,"7":0,"8":0,"9":0,"10":0,"11":0,"12":0,"13":0,"14":0,"15":0,"16":0,"17":0,"18":0,"19":0,"20":0,"21":0,"22":0,"23":0,"24":0,"25":0,"26":0,"27":0,"28":0,"29":0,"30":0,"31":0,"32":0,"33":0,"34":0,"35":0,"36":0,"37":0,"38":0,"39":0,"40":0,"41":0,"42":0,"43":0,"44":0,"45":0,"46":0,"47":0,"48":0,"49":0,"50":0,"51":0,"52":0,"53":0,"54":0,"55":0,"56":0,"57":0,"58":0,"59":0,"60":0,"61":0,"62":0,"63":0,"64":0,"65":0,"66":0,"67":0,"68":0,"69":0},"f":{"0":0,"1":0,"2":0,"3":0,"4":0,"5":0,"6":0,"7":0,"8":0,"9":0,"10":0,"11":0,"12":0,"13":0,"14":0,"15":0,"16":0},"b":{"0":[0,0],"1":[0,0],"2":[0,0],"3":[0,0,0,0,0,0,0],"4":[0,0],"5":[0,0],"6":[0,0],"7":[0,0],"8":[0,0]}}
,"C:\\Users\\Lenovo\\Documents\\GitHub\\FrontProyecto\\src\\components\\driver\\ManageTrips.jsx": {"path":"C:\\Users\\Lenovo\\Documents\\GitHub\\FrontProyecto\\src\\components\\driver\\ManageTrips.jsx","statementMap":{"0":{"start":{"line":10,"column":20},"end":{"line":371,"column":1}},"1":{"start":{"line":11,"column":28},"end":{"line":11,"column":40}},"2":{"start":{"line":12,"column":40},"end":{"line":12,"column":55}},"3":{"start":{"line":13,"column":34},"end":{"line":13,"column":48}},"4":{"start":{"line":14,"column":40},"end":{"line":14,"column":54}},"5":{"start":{"line":15,"column":34},"end":{"line":21,"column":4}},"6":{"start":{"line":22,"column":44},"end":{"line":22,"column":56}},"7":{"start":{"line":23,"column":32},"end":{"line":23,"column":46}},"8":{"start":{"line":24,"column":19},"end":{"line":24,"column":32}},"9":{"start":{"line":25,"column":21},"end":{"line":25,"column":34}},"10":{"start":{"line":27,"column":2},"end":{"line":74,"column":17}},"11":{"start":{"line":28,"column":23},"end":{"line":68,"column":5}},"12":{"start":{"line":29,"column":20},"end":{"line":29,"column":49}},"13":{"start":{"line":31,"column":6},"end":{"line":34,"column":7}},"14":{"start":{"line":32,"column":8},"end":{"line":32,"column":27}},"15":{"start":{"line":33,"column":8},"end":{"line":33,"column":15}},"16":{"start":{"line":36,"column":6},"end":{"line":36,"column":23}},"17":{"start":{"line":37,"column":23},"end":{"line":44,"column":7}},"18":{"start":{"line":46,"column":6},"end":{"line":66,"column":7}},"19":{"start":{"line":47,"column":23},"end":{"line":54,"column":10}},"20":{"start":{"line":56,"column":8},"end":{"line":60,"column":9}},"21":{"start":{"line":57,"column":10},"end":{"line":57,"column":35}},"22":{"start":{"line":59,"column":10},"end":{"line":59,"column":33}},"23":{"start":{"line":62,"column":8},"end":{"line":62,"column":27}},"24":{"start":{"line":64,"column":21},"end":{"line":64,"column":42}},"25":{"start":{"line":65,"column":8},"end":{"line":65,"column":35}},"26":{"start":{"line":67,"column":6},"end":{"line":67,"column":24}},"27":{"start":{"line":70,"column":4},"end":{"line":73,"column":5}},"28":{"start":{"line":71,"column":6},"end":{"line":71,"column":19}},"29":{"start":{"line":72,"column":6},"end":{"line":72,"column":32}},"30":{"start":{"line":76,"column":21},"end":{"line":87,"column":3}},"31":{"start":{"line":78,"column":4},"end":{"line":78,"column":32}},"32":{"start":{"line":79,"column":4},"end":{"line":85,"column":7}},"33":{"start":{"line":86,"column":4},"end":{"line":86,"column":32}},"34":{"start":{"line":89,"column":27},"end":{"line":143,"column":3}},"35":{"start":{"line":90,"column":4},"end":{"line":142,"column":5}},"36":{"start":{"line":91,"column":20},"end":{"line":91,"column":49}},"37":{"start":{"line":93,"column":6},"end":{"line":95,"column":7}},"38":{"start":{"line":94,"column":8},"end":{"line":94,"column":69}},"39":{"start":{"line":97,"column":23},"end":{"line":109,"column":7}},"40":{"start":{"line":111,"column":6},"end":{"line":114,"column":7}},"41":{"start":{"line":112,"column":26},"end":{"line":112,"column":47}},"42":{"start":{"line":113,"column":8},"end":{"line":113,"column":78}},"43":{"start":{"line":116,"column":19},"end":{"line":116,"column":40}},"44":{"start":{"line":119,"column":6},"end":{"line":123,"column":8}},"45":{"start":{"line":120,"column":8},"end":{"line":122,"column":9}},"46":{"start":{"line":121,"column":10},"end":{"line":121,"column":63}},"47":{"start":{"line":126,"column":6},"end":{"line":126,"column":27}},"48":{"start":{"line":128,"column":6},"end":{"line":133,"column":9}},"49":{"start":{"line":135,"column":6},"end":{"line":135,"column":60}},"50":{"start":{"line":137,"column":6},"end":{"line":141,"column":9}},"51":{"start":{"line":145,"column":23},"end":{"line":194,"column":3}},"52":{"start":{"line":146,"column":19},"end":{"line":155,"column":6}},"53":{"start":{"line":157,"column":4},"end":{"line":193,"column":5}},"54":{"start":{"line":158,"column":6},"end":{"line":192,"column":7}},"55":{"start":{"line":159,"column":22},"end":{"line":159,"column":51}},"56":{"start":{"line":160,"column":25},"end":{"line":168,"column":9}},"57":{"start":{"line":170,"column":8},"end":{"line":172,"column":9}},"58":{"start":{"line":171,"column":10},"end":{"line":171,"column":57}},"59":{"start":{"line":174,"column":8},"end":{"line":176,"column":10}},"60":{"start":{"line":175,"column":10},"end":{"line":175,"column":60}},"61":{"start":{"line":175,"column":37},"end":{"line":175,"column":59}},"62":{"start":{"line":178,"column":8},"end":{"line":183,"column":11}},"63":{"start":{"line":185,"column":8},"end":{"line":185,"column":60}},"64":{"start":{"line":187,"column":8},"end":{"line":191,"column":11}},"65":{"start":{"line":196,"column":27},"end":{"line":201,"column":3}},"66":{"start":{"line":197,"column":4},"end":{"line":197,"column":27}},"67":{"start":{"line":198,"column":4},"end":{"line":200,"column":5}},"68":{"start":{"line":199,"column":6},"end":{"line":199,"column":29}},"69":{"start":{"line":203,"column":2},"end":{"line":370,"column":4}},"70":{"start":{"line":207,"column":27},"end":{"line":207,"column":47}},"71":{"start":{"line":240,"column":27},"end":{"line":240,"column":53}},"72":{"start":{"line":254,"column":14},"end":{"line":288,"column":20}},"73":{"start":{"line":275,"column":35},"end":{"line":275,"column":51}},"74":{"start":{"line":282,"column":35},"end":{"line":282,"column":60}},"75":{"start":{"line":294,"column":48},"end":{"line":294,"column":69}},"76":{"start":{"line":306,"column":18},"end":{"line":306,"column":76}},"77":{"start":{"line":315,"column":18},"end":{"line":315,"column":74}},"78":{"start":{"line":323,"column":35},"end":{"line":323,"column":86}},"79":{"start":{"line":337,"column":18},"end":{"line":337,"column":69}},"80":{"start":{"line":346,"column":18},"end":{"line":346,"column":69}},"81":{"start":{"line":352,"column":33},"end":{"line":352,"column":53}}},"fnMap":{"0":{"name":"(anonymous_0)","decl":{"start":{"line":10,"column":20},"end":{"line":10,"column":21}},"loc":{"start":{"line":10,"column":26},"end":{"line":371,"column":1}},"line":10},"1":{"name":"(anonymous_1)","decl":{"start":{"line":27,"column":12},"end":{"line":27,"column":13}},"loc":{"start":{"line":27,"column":18},"end":{"line":74,"column":3}},"line":27},"2":{"name":"(anonymous_2)","decl":{"start":{"line":28,"column":23},"end":{"line":28,"column":24}},"loc":{"start":{"line":28,"column":35},"end":{"line":68,"column":5}},"line":28},"3":{"name":"(anonymous_3)","decl":{"start":{"line":76,"column":21},"end":{"line":76,"column":22}},"loc":{"start":{"line":76,"column":31},"end":{"line":87,"column":3}},"line":76},"4":{"name":"(anonymous_4)","decl":{"start":{"line":89,"column":27},"end":{"line":89,"column":28}},"loc":{"start":{"line":89,"column":39},"end":{"line":143,"column":3}},"line":89},"5":{"name":"(anonymous_5)","decl":{"start":{"line":119,"column":15},"end":{"line":119,"column":16}},"loc":{"start":{"line":120,"column":8},"end":{"line":122,"column":9}},"line":120},"6":{"name":"(anonymous_6)","decl":{"start":{"line":120,"column":22},"end":{"line":120,"column":23}},"loc":{"start":{"line":121,"column":10},"end":{"line":121,"column":63}},"line":121},"7":{"name":"(anonymous_7)","decl":{"start":{"line":145,"column":23},"end":{"line":145,"column":24}},"loc":{"start":{"line":145,"column":41},"end":{"line":194,"column":3}},"line":145},"8":{"name":"(anonymous_8)","decl":{"start":{"line":174,"column":17},"end":{"line":174,"column":18}},"loc":{"start":{"line":175,"column":10},"end":{"line":175,"column":60}},"line":175},"9":{"name":"(anonymous_9)","decl":{"start":{"line":175,"column":27},"end":{"line":175,"column":28}},"loc":{"start":{"line":175,"column":37},"end":{"line":175,"column":59}},"line":175},"10":{"name":"(anonymous_10)","decl":{"start":{"line":196,"column":27},"end":{"line":196,"column":28}},"loc":{"start":{"line":196,"column":33},"end":{"line":201,"column":3}},"line":196},"11":{"name":"(anonymous_11)","decl":{"start":{"line":207,"column":21},"end":{"line":207,"column":22}},"loc":{"start":{"line":207,"column":27},"end":{"line":207,"column":47}},"line":207},"12":{"name":"(anonymous_12)","decl":{"start":{"line":240,"column":21},"end":{"line":240,"column":22}},"loc":{"start":{"line":240,"column":27},"end":{"line":240,"column":53}},"line":240},"13":{"name":"(anonymous_13)","decl":{"start":{"line":253,"column":22},"end":{"line":253,"column":23}},"loc":{"start":{"line":254,"column":14},"end":{"line":288,"column":20}},"line":254},"14":{"name":"(anonymous_14)","decl":{"start":{"line":275,"column":29},"end":{"line":275,"column":30}},"loc":{"start":{"line":275,"column":35},"end":{"line":275,"column":51}},"line":275},"15":{"name":"(anonymous_15)","decl":{"start":{"line":282,"column":29},"end":{"line":282,"column":30}},"loc":{"start":{"line":282,"column":35},"end":{"line":282,"column":60}},"line":282},"16":{"name":"(anonymous_16)","decl":{"start":{"line":294,"column":42},"end":{"line":294,"column":43}},"loc":{"start":{"line":294,"column":48},"end":{"line":294,"column":69}},"line":294},"17":{"name":"(anonymous_17)","decl":{"start":{"line":305,"column":26},"end":{"line":305,"column":27}},"loc":{"start":{"line":306,"column":18},"end":{"line":306,"column":76}},"line":306},"18":{"name":"(anonymous_18)","decl":{"start":{"line":314,"column":26},"end":{"line":314,"column":27}},"loc":{"start":{"line":315,"column":18},"end":{"line":315,"column":74}},"line":315},"19":{"name":"(anonymous_19)","decl":{"start":{"line":323,"column":28},"end":{"line":323,"column":29}},"loc":{"start":{"line":323,"column":35},"end":{"line":323,"column":86}},"line":323},"20":{"name":"(anonymous_20)","decl":{"start":{"line":336,"column":26},"end":{"line":336,"column":27}},"loc":{"start":{"line":337,"column":18},"end":{"line":337,"column":69}},"line":337},"21":{"name":"(anonymous_21)","decl":{"start":{"line":345,"column":26},"end":{"line":345,"column":27}},"loc":{"start":{"line":346,"column":18},"end":{"line":346,"column":69}},"line":346},"22":{"name":"(anonymous_22)","decl":{"start":{"line":352,"column":27},"end":{"line":352,"column":28}},"loc":{"start":{"line":352,"column":33},"end":{"line":352,"column":53}},"line":352}},"branchMap":{"0":{"loc":{"start":{"line":31,"column":6},"end":{"line":34,"column":7}},"type":"if","locations":[{"start":{"line":31,"column":6},"end":{"line":34,"column":7}},{"start":{},"end":{}}],"line":31},"1":{"loc":{"start":{"line":46,"column":6},"end":{"line":66,"column":7}},"type":"if","locations":[{"start":{"line":46,"column":6},"end":{"line":66,"column":7}},{"start":{"line":63,"column":13},"end":{"line":66,"column":7}}],"line":46},"2":{"loc":{"start":{"line":46,"column":10},"end":{"line":46,"column":60}},"type":"binary-expr","locations":[{"start":{"line":46,"column":10},"end":{"line":46,"column":33}},{"start":{"line":46,"column":37},"end":{"line":46,"column":60}}],"line":46},"3":{"loc":{"start":{"line":56,"column":8},"end":{"line":60,"column":9}},"type":"if","locations":[{"start":{"line":56,"column":8},"end":{"line":60,"column":9}},{"start":{"line":58,"column":15},"end":{"line":60,"column":9}}],"line":56},"4":{"loc":{"start":{"line":65,"column":17},"end":{"line":65,"column":33}},"type":"binary-expr","locations":[{"start":{"line":65,"column":17},"end":{"line":65,"column":27}},{"start":{"line":65,"column":31},"end":{"line":65,"column":33}}],"line":65},"5":{"loc":{"start":{"line":70,"column":4},"end":{"line":73,"column":5}},"type":"if","locations":[{"start":{"line":70,"column":4},"end":{"line":73,"column":5}},{"start":{},"end":{}}],"line":70},"6":{"loc":{"start":{"line":93,"column":6},"end":{"line":95,"column":7}},"type":"if","locations":[{"start":{"line":93,"column":6},"end":{"line":95,"column":7}},{"start":{},"end":{}}],"line":93},"7":{"loc":{"start":{"line":111,"column":6},"end":{"line":114,"column":7}},"type":"if","locations":[{"start":{"line":111,"column":6},"end":{"line":114,"column":7}},{"start":{},"end":{}}],"line":111},"8":{"loc":{"start":{"line":113,"column":24},"end":{"line":113,"column":76}},"type":"binary-expr","locations":[{"start":{"line":113,"column":24},"end":{"line":113,"column":41}},{"start":{"line":113,"column":45},"end":{"line":113,"column":76}}],"line":113},"9":{"loc":{"start":{"line":121,"column":10},"end":{"line":121,"column":63}},"type":"cond-expr","locations":[{"start":{"line":121,"column":40},"end":{"line":121,"column":56}},{"start":{"line":121,"column":59},"end":{"line":121,"column":63}}],"line":121},"10":{"loc":{"start":{"line":140,"column":14},"end":{"line":140,"column":82}},"type":"binary-expr","locations":[{"start":{"line":140,"column":14},"end":{"line":140,"column":27}},{"start":{"line":140,"column":31},"end":{"line":140,"column":82}}],"line":140},"11":{"loc":{"start":{"line":157,"column":4},"end":{"line":193,"column":5}},"type":"if","locations":[{"start":{"line":157,"column":4},"end":{"line":193,"column":5}},{"start":{},"end":{}}],"line":157},"12":{"loc":{"start":{"line":170,"column":8},"end":{"line":172,"column":9}},"type":"if","locations":[{"start":{"line":170,"column":8},"end":{"line":172,"column":9}},{"start":{},"end":{}}],"line":170},"13":{"loc":{"start":{"line":198,"column":4},"end":{"line":200,"column":5}},"type":"if","locations":[{"start":{"line":198,"column":4},"end":{"line":200,"column":5}},{"start":{},"end":{}}],"line":198},"14":{"loc":{"start":{"line":210,"column":88},"end":{"line":210,"column":119}},"type":"cond-expr","locations":[{"start":{"line":210,"column":102},"end":{"line":210,"column":114}},{"start":{"line":210,"column":117},"end":{"line":210,"column":119}}],"line":210},"15":{"loc":{"start":{"line":226,"column":22},"end":{"line":226,"column":59}},"type":"cond-expr","locations":[{"start":{"line":226,"column":33},"end":{"line":226,"column":43}},{"start":{"line":226,"column":46},"end":{"line":226,"column":59}}],"line":226},"16":{"loc":{"start":{"line":227,"column":24},"end":{"line":227,"column":65}},"type":"cond-expr","locations":[{"start":{"line":227,"column":35},"end":{"line":227,"column":60}},{"start":{"line":227,"column":63},"end":{"line":227,"column":65}}],"line":227},"17":{"loc":{"start":{"line":247,"column":9},"end":{"line":293,"column":9}},"type":"cond-expr","locations":[{"start":{"line":248,"column":10},"end":{"line":250,"column":16}},{"start":{"line":252,"column":10},"end":{"line":292,"column":11}}],"line":247},"18":{"loc":{"start":{"line":252,"column":10},"end":{"line":292,"column":11}},"type":"cond-expr","locations":[{"start":{"line":253,"column":12},"end":{"line":289,"column":14}},{"start":{"line":291,"column":12},"end":{"line":291,"column":83}}],"line":252},"19":{"loc":{"start":{"line":294,"column":9},"end":{"line":294,"column":89}},"type":"binary-expr","locations":[{"start":{"line":294,"column":9},"end":{"line":294,"column":20}},{"start":{"line":294,"column":24},"end":{"line":294,"column":89}}],"line":294},"20":{"loc":{"start":{"line":296,"column":7},"end":{"line":368,"column":7}},"type":"binary-expr","locations":[{"start":{"line":296,"column":7},"end":{"line":296,"column":18}},{"start":{"line":297,"column":8},"end":{"line":367,"column":14}}],"line":296}},"s":{"0":1,"1":3,"2":3,"3":3,"4":3,"5":3,"6":3,"7":3,"8":3,"9":3,"10":3,"11":2,"12":2,"13":2,"14":2,"15":2,"16":0,"17":0,"18":0,"19":0,"20":0,"21":0,"22":0,"23":0,"24":0,"25":0,"26":0,"27":2,"28":2,"29":2,"30":3,"31":0,"32":0,"33":0,"34":3,"35":0,"36":0,"37":0,"38":0,"39":0,"40":0,"41":0,"42":0,"43":0,"44":0,"45":0,"46":0,"47":0,"48":0,"49":0,"50":0,"51":3,"52":0,"53":0,"54":0,"55":0,"56":0,"57":0,"58":0,"59":0,"60":0,"61":0,"62":0,"63":0,"64":0,"65":3,"66":1,"67":1,"68":1,"69":3,"70":0,"71":1,"72":0,"73":0,"74":0,"75":0,"76":0,"77":0,"78":0,"79":0,"80":0,"81":0},"f":{"0":3,"1":2,"2":2,"3":0,"4":0,"5":0,"6":0,"7":0,"8":0,"9":0,"10":1,"11":0,"12":1,"13":0,"14":0,"15":0,"16":0,"17":0,"18":0,"19":0,"20":0,"21":0,"22":0},"b":{"0":[2,0],"1":[0,0],"2":[0,0],"3":[0,0],"4":[0,0],"5":[2,0],"6":[0,0],"7":[0,0],"8":[0,0],"9":[0,0],"10":[0,0],"11":[0,0],"12":[0,0],"13":[1,0],"14":[0,3],"15":[2,1],"16":[2,1],"17":[3,0],"18":[0,0],"19":[3,0],"20":[3,0]},"_coverageSchema":"1a1c01bbd47fc00a2c39e90264f33305004495a9","hash":"2f3bb93ba10e53c3a918f297858ba4baa232abb5"}
,"C:\\Users\\Lenovo\\Documents\\GitHub\\FrontProyecto\\src\\components\\driver\\RegisterTrip.jsx": {"path":"C:\\Users\\Lenovo\\Documents\\GitHub\\FrontProyecto\\src\\components\\driver\\RegisterTrip.jsx","statementMap":{"0":{"start":{"line":6,"column":21},"end":{"line":150,"column":1}},"1":{"start":{"line":7,"column":42},"end":{"line":7,"column":54}},"2":{"start":{"line":8,"column":38},"end":{"line":8,"column":50}},"3":{"start":{"line":9,"column":28},"end":{"line":9,"column":40}},"4":{"start":{"line":10,"column":44},"end":{"line":10,"column":56}},"5":{"start":{"line":11,"column":46},"end":{"line":11,"column":58}},"6":{"start":{"line":12,"column":28},"end":{"line":12,"column":40}},"7":{"start":{"line":13,"column":19},"end":{"line":13,"column":32}},"8":{"start":{"line":15,"column":25},"end":{"line":57,"column":3}},"9":{"start":{"line":16,"column":18},"end":{"line":16,"column":47}},"10":{"start":{"line":18,"column":4},"end":{"line":22,"column":5}},"11":{"start":{"line":19,"column":6},"end":{"line":19,"column":84}},"12":{"start":{"line":20,"column":6},"end":{"line":20,"column":25}},"13":{"start":{"line":21,"column":6},"end":{"line":21,"column":13}},"14":{"start":{"line":24,"column":21},"end":{"line":31,"column":5}},"15":{"start":{"line":33,"column":4},"end":{"line":56,"column":5}},"16":{"start":{"line":34,"column":23},"end":{"line":41,"column":8}},"17":{"start":{"line":43,"column":6},"end":{"line":52,"column":7}},"18":{"start":{"line":45,"column":29},"end":{"line":45,"column":50}},"19":{"start":{"line":46,"column":8},"end":{"line":46,"column":60}},"20":{"start":{"line":47,"column":8},"end":{"line":47,"column":34}},"21":{"start":{"line":50,"column":26},"end":{"line":50,"column":47}},"22":{"start":{"line":51,"column":8},"end":{"line":51,"column":90}},"23":{"start":{"line":54,"column":6},"end":{"line":54,"column":59}},"24":{"start":{"line":55,"column":6},"end":{"line":55,"column":85}},"25":{"start":{"line":59,"column":2},"end":{"line":65,"column":17}},"26":{"start":{"line":60,"column":18},"end":{"line":60,"column":47}},"27":{"start":{"line":61,"column":4},"end":{"line":64,"column":5}},"28":{"start":{"line":62,"column":6},"end":{"line":62,"column":25}},"29":{"start":{"line":63,"column":6},"end":{"line":63,"column":13}},"30":{"start":{"line":67,"column":2},"end":{"line":149,"column":4}},"31":{"start":{"line":79,"column":31},"end":{"line":79,"column":62}},"32":{"start":{"line":88,"column":31},"end":{"line":88,"column":60}},"33":{"start":{"line":96,"column":31},"end":{"line":96,"column":55}},"34":{"start":{"line":111,"column":31},"end":{"line":111,"column":63}},"35":{"start":{"line":120,"column":31},"end":{"line":120,"column":64}},"36":{"start":{"line":129,"column":31},"end":{"line":129,"column":55}},"37":{"start":{"line":134,"column":29},"end":{"line":134,"column":54}}},"fnMap":{"0":{"name":"(anonymous_0)","decl":{"start":{"line":6,"column":21},"end":{"line":6,"column":22}},"loc":{"start":{"line":6,"column":27},"end":{"line":150,"column":1}},"line":6},"1":{"name":"(anonymous_1)","decl":{"start":{"line":15,"column":25},"end":{"line":15,"column":26}},"loc":{"start":{"line":15,"column":37},"end":{"line":57,"column":3}},"line":15},"2":{"name":"(anonymous_2)","decl":{"start":{"line":59,"column":12},"end":{"line":59,"column":13}},"loc":{"start":{"line":59,"column":18},"end":{"line":65,"column":3}},"line":59},"3":{"name":"(anonymous_3)","decl":{"start":{"line":79,"column":24},"end":{"line":79,"column":25}},"loc":{"start":{"line":79,"column":31},"end":{"line":79,"column":62}},"line":79},"4":{"name":"(anonymous_4)","decl":{"start":{"line":88,"column":24},"end":{"line":88,"column":25}},"loc":{"start":{"line":88,"column":31},"end":{"line":88,"column":60}},"line":88},"5":{"name":"(anonymous_5)","decl":{"start":{"line":96,"column":24},"end":{"line":96,"column":25}},"loc":{"start":{"line":96,"column":31},"end":{"line":96,"column":55}},"line":96},"6":{"name":"(anonymous_6)","decl":{"start":{"line":111,"column":24},"end":{"line":111,"column":25}},"loc":{"start":{"line":111,"column":31},"end":{"line":111,"column":63}},"line":111},"7":{"name":"(anonymous_7)","decl":{"start":{"line":120,"column":24},"end":{"line":120,"column":25}},"loc":{"start":{"line":120,"column":31},"end":{"line":120,"column":64}},"line":120},"8":{"name":"(anonymous_8)","decl":{"start":{"line":129,"column":24},"end":{"line":129,"column":25}},"loc":{"start":{"line":129,"column":31},"end":{"line":129,"column":55}},"line":129},"9":{"name":"(anonymous_9)","decl":{"start":{"line":134,"column":23},"end":{"line":134,"column":24}},"loc":{"start":{"line":134,"column":29},"end":{"line":134,"column":54}},"line":134}},"branchMap":{"0":{"loc":{"start":{"line":18,"column":4},"end":{"line":22,"column":5}},"type":"if","locations":[{"start":{"line":18,"column":4},"end":{"line":22,"column":5}},{"start":{},"end":{}}],"line":18},"1":{"loc":{"start":{"line":43,"column":6},"end":{"line":52,"column":7}},"type":"if","locations":[{"start":{"line":43,"column":6},"end":{"line":52,"column":7}},{"start":{"line":48,"column":13},"end":{"line":52,"column":7}}],"line":43},"2":{"loc":{"start":{"line":51,"column":27},"end":{"line":51,"column":79}},"type":"binary-expr","locations":[{"start":{"line":51,"column":27},"end":{"line":51,"column":44}},{"start":{"line":51,"column":48},"end":{"line":51,"column":79}}],"line":51},"3":{"loc":{"start":{"line":61,"column":4},"end":{"line":64,"column":5}},"type":"if","locations":[{"start":{"line":61,"column":4},"end":{"line":64,"column":5}},{"start":{},"end":{}}],"line":61}},"s":{"0":1,"1":3,"2":3,"3":3,"4":3,"5":3,"6":3,"7":3,"8":3,"9":2,"10":2,"11":1,"12":1,"13":1,"14":1,"15":1,"16":1,"17":1,"18":1,"19":1,"20":1,"21":0,"22":0,"23":0,"24":0,"25":3,"26":3,"27":3,"28":2,"29":2,"30":3,"31":0,"32":0,"33":0,"34":0,"35":0,"36":0,"37":0},"f":{"0":3,"1":2,"2":3,"3":0,"4":0,"5":0,"6":0,"7":0,"8":0,"9":0},"b":{"0":[1,1],"1":[1,0],"2":[0,0],"3":[2,1]},"_coverageSchema":"1a1c01bbd47fc00a2c39e90264f33305004495a9","hash":"708ecb8dedcb007dfdbdde215c3dca57d8a9c312"}
,"C:\\Users\\Lenovo\\Documents\\GitHub\\FrontProyecto\\src\\components\\driver\\ViewVehicle.jsx": {"path":"C:\\Users\\Lenovo\\Documents\\GitHub\\FrontProyecto\\src\\components\\driver\\ViewVehicle.jsx","statementMap":{"0":{"start":{"line":5,"column":20},"end":{"line":145,"column":1}},"1":{"start":{"line":6,"column":32},"end":{"line":6,"column":46}},"2":{"start":{"line":7,"column":32},"end":{"line":7,"column":46}},"3":{"start":{"line":8,"column":19},"end":{"line":8,"column":32}},"4":{"start":{"line":10,"column":2},"end":{"line":40,"column":17}},"5":{"start":{"line":11,"column":25},"end":{"line":36,"column":7}},"6":{"start":{"line":12,"column":8},"end":{"line":35,"column":9}},"7":{"start":{"line":13,"column":24},"end":{"line":13,"column":53}},"8":{"start":{"line":14,"column":27},"end":{"line":19,"column":12}},"9":{"start":{"line":21,"column":10},"end":{"line":25,"column":11}},"10":{"start":{"line":22,"column":33},"end":{"line":22,"column":54}},"11":{"start":{"line":23,"column":12},"end":{"line":23,"column":79}},"12":{"start":{"line":24,"column":12},"end":{"line":24,"column":79}},"13":{"start":{"line":27,"column":23},"end":{"line":27,"column":44}},"14":{"start":{"line":28,"column":10},"end":{"line":28,"column":61}},"15":{"start":{"line":29,"column":10},"end":{"line":29,"column":35}},"16":{"start":{"line":31,"column":10},"end":{"line":31,"column":80}},"17":{"start":{"line":32,"column":10},"end":{"line":32,"column":33}},"18":{"start":{"line":34,"column":10},"end":{"line":34,"column":28}},"19":{"start":{"line":39,"column":4},"end":{"line":39,"column":19}},"20":{"start":{"line":42,"column":2},"end":{"line":48,"column":3}},"21":{"start":{"line":43,"column":4},"end":{"line":47,"column":6}},"22":{"start":{"line":50,"column":2},"end":{"line":56,"column":3}},"23":{"start":{"line":51,"column":4},"end":{"line":55,"column":6}},"24":{"start":{"line":58,"column":2},"end":{"line":144,"column":4}},"25":{"start":{"line":129,"column":29},"end":{"line":129,"column":54}},"26":{"start":{"line":135,"column":29},"end":{"line":135,"column":54}}},"fnMap":{"0":{"name":"(anonymous_0)","decl":{"start":{"line":5,"column":20},"end":{"line":5,"column":21}},"loc":{"start":{"line":5,"column":26},"end":{"line":145,"column":1}},"line":5},"1":{"name":"(anonymous_1)","decl":{"start":{"line":10,"column":12},"end":{"line":10,"column":13}},"loc":{"start":{"line":10,"column":18},"end":{"line":40,"column":3}},"line":10},"2":{"name":"(anonymous_2)","decl":{"start":{"line":11,"column":25},"end":{"line":11,"column":26}},"loc":{"start":{"line":11,"column":37},"end":{"line":36,"column":7}},"line":11},"3":{"name":"(anonymous_3)","decl":{"start":{"line":129,"column":23},"end":{"line":129,"column":24}},"loc":{"start":{"line":129,"column":29},"end":{"line":129,"column":54}},"line":129},"4":{"name":"(anonymous_4)","decl":{"start":{"line":135,"column":23},"end":{"line":135,"column":24}},"loc":{"start":{"line":135,"column":29},"end":{"line":135,"column":54}},"line":135}},"branchMap":{"0":{"loc":{"start":{"line":21,"column":10},"end":{"line":25,"column":11}},"type":"if","locations":[{"start":{"line":21,"column":10},"end":{"line":25,"column":11}},{"start":{},"end":{}}],"line":21},"1":{"loc":{"start":{"line":42,"column":2},"end":{"line":48,"column":3}},"type":"if","locations":[{"start":{"line":42,"column":2},"end":{"line":48,"column":3}},{"start":{},"end":{}}],"line":42},"2":{"loc":{"start":{"line":50,"column":2},"end":{"line":56,"column":3}},"type":"if","locations":[{"start":{"line":50,"column":2},"end":{"line":56,"column":3}},{"start":{},"end":{}}],"line":50},"3":{"loc":{"start":{"line":68,"column":15},"end":{"line":72,"column":15}},"type":"cond-expr","locations":[{"start":{"line":69,"column":16},"end":{"line":69,"column":99}},{"start":{"line":71,"column":16},"end":{"line":71,"column":71}}],"line":68},"4":{"loc":{"start":{"line":118,"column":15},"end":{"line":122,"column":15}},"type":"cond-expr","locations":[{"start":{"line":119,"column":16},"end":{"line":119,"column":92}},{"start":{"line":121,"column":16},"end":{"line":121,"column":71}}],"line":118}},"s":{"0":0,"1":0,"2":0,"3":0,"4":0,"5":0,"6":0,"7":0,"8":0,"9":0,"10":0,"11":0,"12":0,"13":0,"14":0,"15":0,"16":0,"17":0,"18":0,"19":0,"20":0,"21":0,"22":0,"23":0,"24":0,"25":0,"26":0},"f":{"0":0,"1":0,"2":0,"3":0,"4":0},"b":{"0":[0,0],"1":[0,0],"2":[0,0],"3":[0,0],"4":[0,0]}}
,"C:\\Users\\Lenovo\\Documents\\GitHub\\FrontProyecto\\src\\components\\passengerBar\\Reservations.jsx": {"path":"C:\\Users\\Lenovo\\Documents\\GitHub\\FrontProyecto\\src\\components\\passengerBar\\Reservations.jsx","statementMap":{"0":{"start":{"line":7,"column":23},"end":{"line":262,"column":1}},"1":{"start":{"line":8,"column":42},"end":{"line":8,"column":54}},"2":{"start":{"line":9,"column":56},"end":{"line":9,"column":70}},"3":{"start":{"line":10,"column":28},"end":{"line":10,"column":39}},"4":{"start":{"line":11,"column":28},"end":{"line":11,"column":40}},"5":{"start":{"line":12,"column":44},"end":{"line":12,"column":56}},"6":{"start":{"line":13,"column":40},"end":{"line":13,"column":55}},"7":{"start":{"line":14,"column":19},"end":{"line":14,"column":32}},"8":{"start":{"line":16,"column":25},"end":{"line":16,"column":231}},"9":{"start":{"line":17,"column":22},"end":{"line":17,"column":283}},"10":{"start":{"line":18,"column":22},"end":{"line":18,"column":220}},"11":{"start":{"line":19,"column":20},"end":{"line":19,"column":236}},"12":{"start":{"line":21,"column":2},"end":{"line":34,"column":9}},"13":{"start":{"line":22,"column":30},"end":{"line":31,"column":5}},"14":{"start":{"line":23,"column":20},"end":{"line":23,"column":49}},"15":{"start":{"line":24,"column":23},"end":{"line":28,"column":8}},"16":{"start":{"line":29,"column":19},"end":{"line":29,"column":40}},"17":{"start":{"line":30,"column":6},"end":{"line":30,"column":47}},"18":{"start":{"line":33,"column":4},"end":{"line":33,"column":24}},"19":{"start":{"line":36,"column":27},"end":{"line":49,"column":3}},"20":{"start":{"line":37,"column":4},"end":{"line":48,"column":5}},"21":{"start":{"line":39,"column":8},"end":{"line":39,"column":30}},"22":{"start":{"line":41,"column":8},"end":{"line":41,"column":27}},"23":{"start":{"line":43,"column":8},"end":{"line":43,"column":27}},"24":{"start":{"line":45,"column":8},"end":{"line":45,"column":25}},"25":{"start":{"line":47,"column":8},"end":{"line":47,"column":18}},"26":{"start":{"line":51,"column":23},"end":{"line":57,"column":3}},"27":{"start":{"line":52,"column":4},"end":{"line":52,"column":40}},"28":{"start":{"line":53,"column":4},"end":{"line":53,"column":40}},"29":{"start":{"line":54,"column":4},"end":{"line":54,"column":58}},"30":{"start":{"line":55,"column":4},"end":{"line":55,"column":38}},"31":{"start":{"line":56,"column":4},"end":{"line":56,"column":25}},"32":{"start":{"line":59,"column":27},"end":{"line":63,"column":3}},"33":{"start":{"line":60,"column":25},"end":{"line":60,"column":35}},"34":{"start":{"line":61,"column":4},"end":{"line":61,"column":32}},"35":{"start":{"line":62,"column":4},"end":{"line":62,"column":27}},"36":{"start":{"line":65,"column":23},"end":{"line":118,"column":3}},"37":{"start":{"line":66,"column":26},"end":{"line":75,"column":6}},"38":{"start":{"line":77,"column":4},"end":{"line":117,"column":5}},"39":{"start":{"line":78,"column":6},"end":{"line":116,"column":7}},"40":{"start":{"line":79,"column":22},"end":{"line":79,"column":51}},"41":{"start":{"line":80,"column":25},"end":{"line":87,"column":10}},"42":{"start":{"line":89,"column":8},"end":{"line":92,"column":9}},"43":{"start":{"line":90,"column":28},"end":{"line":90,"column":49}},"44":{"start":{"line":91,"column":10},"end":{"line":91,"column":79}},"45":{"start":{"line":94,"column":23},"end":{"line":94,"column":44}},"46":{"start":{"line":97,"column":8},"end":{"line":103,"column":11}},"47":{"start":{"line":106,"column":8},"end":{"line":108,"column":10}},"48":{"start":{"line":107,"column":10},"end":{"line":107,"column":81}},"49":{"start":{"line":107,"column":51},"end":{"line":107,"column":80}},"50":{"start":{"line":110,"column":8},"end":{"line":110,"column":62}},"51":{"start":{"line":111,"column":8},"end":{"line":115,"column":11}},"52":{"start":{"line":122,"column":28},"end":{"line":166,"column":3}},"53":{"start":{"line":123,"column":4},"end":{"line":165,"column":5}},"54":{"start":{"line":124,"column":20},"end":{"line":124,"column":49}},"55":{"start":{"line":125,"column":23},"end":{"line":132,"column":8}},"56":{"start":{"line":134,"column":6},"end":{"line":137,"column":7}},"57":{"start":{"line":135,"column":26},"end":{"line":135,"column":47}},"58":{"start":{"line":136,"column":8},"end":{"line":136,"column":77}},"59":{"start":{"line":139,"column":21},"end":{"line":139,"column":42}},"60":{"start":{"line":142,"column":33},"end":{"line":142,"column":88}},"61":{"start":{"line":143,"column":6},"end":{"line":147,"column":8}},"62":{"start":{"line":144,"column":8},"end":{"line":146,"column":9}},"63":{"start":{"line":145,"column":10},"end":{"line":145,"column":78}},"64":{"start":{"line":149,"column":6},"end":{"line":155,"column":9}},"65":{"start":{"line":157,"column":6},"end":{"line":157,"column":28}},"66":{"start":{"line":159,"column":6},"end":{"line":159,"column":60}},"67":{"start":{"line":160,"column":6},"end":{"line":164,"column":9}},"68":{"start":{"line":168,"column":27},"end":{"line":170,"column":3}},"69":{"start":{"line":169,"column":4},"end":{"line":169,"column":26}},"70":{"start":{"line":172,"column":2},"end":{"line":261,"column":4}},"71":{"start":{"line":177,"column":25},"end":{"line":177,"column":47}},"72":{"start":{"line":186,"column":10},"end":{"line":209,"column":16}},"73":{"start":{"line":197,"column":31},"end":{"line":197,"column":56}},"74":{"start":{"line":203,"column":31},"end":{"line":203,"column":63}},"75":{"start":{"line":226,"column":35},"end":{"line":226,"column":69}},"76":{"start":{"line":232,"column":16},"end":{"line":246,"column":22}},"77":{"start":{"line":237,"column":37},"end":{"line":237,"column":76}},"78":{"start":{"line":241,"column":22},"end":{"line":243,"column":31}}},"fnMap":{"0":{"name":"(anonymous_0)","decl":{"start":{"line":7,"column":23},"end":{"line":7,"column":24}},"loc":{"start":{"line":7,"column":29},"end":{"line":262,"column":1}},"line":7},"1":{"name":"(anonymous_1)","decl":{"start":{"line":21,"column":12},"end":{"line":21,"column":13}},"loc":{"start":{"line":21,"column":18},"end":{"line":34,"column":3}},"line":21},"2":{"name":"(anonymous_2)","decl":{"start":{"line":22,"column":30},"end":{"line":22,"column":31}},"loc":{"start":{"line":22,"column":42},"end":{"line":31,"column":5}},"line":22},"3":{"name":"(anonymous_3)","decl":{"start":{"line":36,"column":27},"end":{"line":36,"column":28}},"loc":{"start":{"line":36,"column":38},"end":{"line":49,"column":3}},"line":36},"4":{"name":"(anonymous_4)","decl":{"start":{"line":51,"column":23},"end":{"line":51,"column":24}},"loc":{"start":{"line":51,"column":40},"end":{"line":57,"column":3}},"line":51},"5":{"name":"(anonymous_5)","decl":{"start":{"line":59,"column":27},"end":{"line":59,"column":28}},"loc":{"start":{"line":59,"column":45},"end":{"line":63,"column":3}},"line":59},"6":{"name":"(anonymous_6)","decl":{"start":{"line":65,"column":23},"end":{"line":65,"column":24}},"loc":{"start":{"line":65,"column":41},"end":{"line":118,"column":3}},"line":65},"7":{"name":"(anonymous_7)","decl":{"start":{"line":106,"column":24},"end":{"line":106,"column":25}},"loc":{"start":{"line":107,"column":10},"end":{"line":107,"column":81}},"line":107},"8":{"name":"(anonymous_8)","decl":{"start":{"line":107,"column":34},"end":{"line":107,"column":35}},"loc":{"start":{"line":107,"column":51},"end":{"line":107,"column":80}},"line":107},"9":{"name":"(anonymous_9)","decl":{"start":{"line":122,"column":28},"end":{"line":122,"column":29}},"loc":{"start":{"line":122,"column":40},"end":{"line":166,"column":3}},"line":122},"10":{"name":"(anonymous_10)","decl":{"start":{"line":143,"column":22},"end":{"line":143,"column":23}},"loc":{"start":{"line":144,"column":8},"end":{"line":146,"column":9}},"line":144},"11":{"name":"(anonymous_11)","decl":{"start":{"line":144,"column":29},"end":{"line":144,"column":30}},"loc":{"start":{"line":145,"column":10},"end":{"line":145,"column":78}},"line":145},"12":{"name":"(anonymous_12)","decl":{"start":{"line":168,"column":27},"end":{"line":168,"column":28}},"loc":{"start":{"line":168,"column":33},"end":{"line":170,"column":3}},"line":168},"13":{"name":"(anonymous_13)","decl":{"start":{"line":177,"column":19},"end":{"line":177,"column":20}},"loc":{"start":{"line":177,"column":25},"end":{"line":177,"column":47}},"line":177},"14":{"name":"(anonymous_14)","decl":{"start":{"line":185,"column":25},"end":{"line":185,"column":26}},"loc":{"start":{"line":186,"column":10},"end":{"line":209,"column":16}},"line":186},"15":{"name":"(anonymous_15)","decl":{"start":{"line":197,"column":25},"end":{"line":197,"column":26}},"loc":{"start":{"line":197,"column":31},"end":{"line":197,"column":56}},"line":197},"16":{"name":"(anonymous_16)","decl":{"start":{"line":203,"column":25},"end":{"line":203,"column":26}},"loc":{"start":{"line":203,"column":31},"end":{"line":203,"column":63}},"line":203},"17":{"name":"(anonymous_17)","decl":{"start":{"line":226,"column":28},"end":{"line":226,"column":29}},"loc":{"start":{"line":226,"column":35},"end":{"line":226,"column":69}},"line":226},"18":{"name":"(anonymous_18)","decl":{"start":{"line":231,"column":49},"end":{"line":231,"column":50}},"loc":{"start":{"line":232,"column":16},"end":{"line":246,"column":22}},"line":232},"19":{"name":"(anonymous_19)","decl":{"start":{"line":237,"column":30},"end":{"line":237,"column":31}},"loc":{"start":{"line":237,"column":37},"end":{"line":237,"column":76}},"line":237},"20":{"name":"(anonymous_20)","decl":{"start":{"line":240,"column":39},"end":{"line":240,"column":40}},"loc":{"start":{"line":241,"column":22},"end":{"line":243,"column":31}},"line":241}},"branchMap":{"0":{"loc":{"start":{"line":30,"column":22},"end":{"line":30,"column":45}},"type":"binary-expr","locations":[{"start":{"line":30,"column":22},"end":{"line":30,"column":39}},{"start":{"line":30,"column":43},"end":{"line":30,"column":45}}],"line":30},"1":{"loc":{"start":{"line":37,"column":4},"end":{"line":48,"column":5}},"type":"switch","locations":[{"start":{"line":38,"column":6},"end":{"line":39,"column":30}},{"start":{"line":40,"column":6},"end":{"line":41,"column":27}},{"start":{"line":42,"column":6},"end":{"line":43,"column":27}},{"start":{"line":44,"column":6},"end":{"line":45,"column":25}},{"start":{"line":46,"column":6},"end":{"line":47,"column":18}}],"line":37},"2":{"loc":{"start":{"line":55,"column":13},"end":{"line":55,"column":36}},"type":"binary-expr","locations":[{"start":{"line":55,"column":13},"end":{"line":55,"column":30}},{"start":{"line":55,"column":34},"end":{"line":55,"column":36}}],"line":55},"3":{"loc":{"start":{"line":77,"column":4},"end":{"line":117,"column":5}},"type":"if","locations":[{"start":{"line":77,"column":4},"end":{"line":117,"column":5}},{"start":{},"end":{}}],"line":77},"4":{"loc":{"start":{"line":89,"column":8},"end":{"line":92,"column":9}},"type":"if","locations":[{"start":{"line":89,"column":8},"end":{"line":92,"column":9}},{"start":{},"end":{}}],"line":89},"5":{"loc":{"start":{"line":91,"column":26},"end":{"line":91,"column":77}},"type":"binary-expr","locations":[{"start":{"line":91,"column":26},"end":{"line":91,"column":43}},{"start":{"line":91,"column":47},"end":{"line":91,"column":77}}],"line":91},"6":{"loc":{"start":{"line":114,"column":16},"end":{"line":114,"column":86}},"type":"binary-expr","locations":[{"start":{"line":114,"column":16},"end":{"line":114,"column":29}},{"start":{"line":114,"column":33},"end":{"line":114,"column":86}}],"line":114},"7":{"loc":{"start":{"line":134,"column":6},"end":{"line":137,"column":7}},"type":"if","locations":[{"start":{"line":134,"column":6},"end":{"line":137,"column":7}},{"start":{},"end":{}}],"line":134},"8":{"loc":{"start":{"line":136,"column":24},"end":{"line":136,"column":75}},"type":"binary-expr","locations":[{"start":{"line":136,"column":24},"end":{"line":136,"column":41}},{"start":{"line":136,"column":45},"end":{"line":136,"column":75}}],"line":136},"9":{"loc":{"start":{"line":145,"column":10},"end":{"line":145,"column":78}},"type":"cond-expr","locations":[{"start":{"line":145,"column":54},"end":{"line":145,"column":72}},{"start":{"line":145,"column":75},"end":{"line":145,"column":78}}],"line":145},"10":{"loc":{"start":{"line":163,"column":14},"end":{"line":163,"column":88}},"type":"binary-expr","locations":[{"start":{"line":163,"column":14},"end":{"line":163,"column":27}},{"start":{"line":163,"column":31},"end":{"line":163,"column":88}}],"line":163},"11":{"loc":{"start":{"line":184,"column":7},"end":{"line":213,"column":7}},"type":"cond-expr","locations":[{"start":{"line":185,"column":8},"end":{"line":210,"column":6}},{"start":{"line":212,"column":8},"end":{"line":212,"column":56}}],"line":184},"12":{"loc":{"start":{"line":216,"column":7},"end":{"line":259,"column":7}},"type":"binary-expr","locations":[{"start":{"line":216,"column":7},"end":{"line":216,"column":18}},{"start":{"line":217,"column":8},"end":{"line":258,"column":14}}],"line":216},"13":{"loc":{"start":{"line":236,"column":27},"end":{"line":236,"column":45}},"type":"binary-expr","locations":[{"start":{"line":236,"column":27},"end":{"line":236,"column":39}},{"start":{"line":236,"column":43},"end":{"line":236,"column":45}}],"line":236}},"s":{"0":1,"1":1,"2":1,"3":1,"4":1,"5":1,"6":1,"7":1,"8":1,"9":1,"10":1,"11":1,"12":1,"13":1,"14":1,"15":1,"16":1,"17":1,"18":1,"19":1,"20":0,"21":0,"22":0,"23":0,"24":0,"25":0,"26":1,"27":0,"28":0,"29":0,"30":0,"31":0,"32":1,"33":0,"34":0,"35":0,"36":1,"37":0,"38":0,"39":0,"40":0,"41":0,"42":0,"43":0,"44":0,"45":0,"46":0,"47":0,"48":0,"49":0,"50":0,"51":0,"52":1,"53":0,"54":0,"55":0,"56":0,"57":0,"58":0,"59":0,"60":0,"61":0,"62":0,"63":0,"64":0,"65":0,"66":0,"67":0,"68":1,"69":0,"70":1,"71":0,"72":0,"73":0,"74":0,"75":0,"76":0,"77":0,"78":0},"f":{"0":1,"1":1,"2":1,"3":0,"4":0,"5":0,"6":0,"7":0,"8":0,"9":0,"10":0,"11":0,"12":0,"13":0,"14":0,"15":0,"16":0,"17":0,"18":0,"19":0,"20":0},"b":{"0":[1,0],"1":[0,0,0,0,0],"2":[0,0],"3":[0,0],"4":[0,0],"5":[0,0],"6":[0,0],"7":[0,0],"8":[0,0],"9":[0,0],"10":[0,0],"11":[0,1],"12":[1,0],"13":[0,0]},"_coverageSchema":"1a1c01bbd47fc00a2c39e90264f33305004495a9","hash":"15b2f3c9c40617019c85dbfd7e815e63a173a980"}
,"C:\\Users\\Lenovo\\Documents\\GitHub\\FrontProyecto\\src\\components\\profile\\AddVehicle.jsx": {"path":"C:\\Users\\Lenovo\\Documents\\GitHub\\FrontProyecto\\src\\components\\profile\\AddVehicle.jsx","statementMap":{"0":{"start":{"line":10,"column":19},"end":{"line":235,"column":1}},"1":{"start":{"line":11,"column":19},"end":{"line":11,"column":28}},"2":{"start":{"line":12,"column":42},"end":{"line":12,"column":56}},"3":{"start":{"line":13,"column":36},"end":{"line":13,"column":50}},"4":{"start":{"line":14,"column":28},"end":{"line":14,"column":40}},"5":{"start":{"line":15,"column":34},"end":{"line":15,"column":45}},"6":{"start":{"line":16,"column":28},"end":{"line":16,"column":40}},"7":{"start":{"line":17,"column":28},"end":{"line":17,"column":40}},"8":{"start":{"line":18,"column":28},"end":{"line":18,"column":40}},"9":{"start":{"line":19,"column":28},"end":{"line":19,"column":40}},"10":{"start":{"line":20,"column":19},"end":{"line":20,"column":32}},"11":{"start":{"line":23,"column":2},"end":{"line":35,"column":23}},"12":{"start":{"line":24,"column":4},"end":{"line":34,"column":5}},"13":{"start":{"line":25,"column":6},"end":{"line":33,"column":7}},"14":{"start":{"line":26,"column":23},"end":{"line":26,"column":87}},"15":{"start":{"line":27,"column":8},"end":{"line":27,"column":25}},"16":{"start":{"line":28,"column":8},"end":{"line":30,"column":9}},"17":{"start":{"line":29,"column":10},"end":{"line":29,"column":29}},"18":{"start":{"line":32,"column":8},"end":{"line":32,"column":27}},"19":{"start":{"line":37,"column":29},"end":{"line":54,"column":3}},"20":{"start":{"line":38,"column":21},"end":{"line":38,"column":35}},"21":{"start":{"line":39,"column":4},"end":{"line":39,"column":34}},"22":{"start":{"line":40,"column":4},"end":{"line":40,"column":51}},"23":{"start":{"line":42,"column":4},"end":{"line":53,"column":5}},"24":{"start":{"line":43,"column":23},"end":{"line":46,"column":8}},"25":{"start":{"line":48,"column":19},"end":{"line":48,"column":40}},"26":{"start":{"line":49,"column":6},"end":{"line":49,"column":29}},"27":{"start":{"line":51,"column":6},"end":{"line":51,"column":69}},"28":{"start":{"line":52,"column":6},"end":{"line":52,"column":18}},"29":{"start":{"line":56,"column":28},"end":{"line":66,"column":3}},"30":{"start":{"line":57,"column":17},"end":{"line":57,"column":34}},"31":{"start":{"line":58,"column":4},"end":{"line":65,"column":5}},"32":{"start":{"line":59,"column":6},"end":{"line":64,"column":7}},"33":{"start":{"line":60,"column":25},"end":{"line":60,"column":55}},"34":{"start":{"line":61,"column":8},"end":{"line":61,"column":27}},"35":{"start":{"line":63,"column":8},"end":{"line":63,"column":58}},"36":{"start":{"line":68,"column":23},"end":{"line":121,"column":3}},"37":{"start":{"line":69,"column":4},"end":{"line":72,"column":5}},"38":{"start":{"line":70,"column":6},"end":{"line":70,"column":52}},"39":{"start":{"line":71,"column":6},"end":{"line":71,"column":13}},"40":{"start":{"line":74,"column":24},"end":{"line":83,"column":5}},"41":{"start":{"line":85,"column":4},"end":{"line":120,"column":5}},"42":{"start":{"line":86,"column":23},"end":{"line":92,"column":8}},"43":{"start":{"line":94,"column":6},"end":{"line":102,"column":7}},"44":{"start":{"line":95,"column":26},"end":{"line":95,"column":47}},"45":{"start":{"line":96,"column":8},"end":{"line":100,"column":11}},"46":{"start":{"line":101,"column":8},"end":{"line":101,"column":15}},"47":{"start":{"line":105,"column":6},"end":{"line":112,"column":9}},"48":{"start":{"line":111,"column":25},"end":{"line":111,"column":47}},"49":{"start":{"line":114,"column":6},"end":{"line":114,"column":57}},"50":{"start":{"line":115,"column":6},"end":{"line":119,"column":9}},"51":{"start":{"line":123,"column":2},"end":{"line":234,"column":4}},"52":{"start":{"line":140,"column":35},"end":{"line":140,"column":56}},"53":{"start":{"line":159,"column":31},"end":{"line":159,"column":68}},"54":{"start":{"line":163,"column":86},"end":{"line":163,"column":110}},"55":{"start":{"line":164,"column":86},"end":{"line":164,"column":110}},"56":{"start":{"line":165,"column":87},"end":{"line":165,"column":111}},"57":{"start":{"line":166,"column":86},"end":{"line":166,"column":110}},"58":{"start":{"line":177,"column":29},"end":{"line":177,"column":56}},"59":{"start":{"line":192,"column":35},"end":{"line":192,"column":53}},"60":{"start":{"line":211,"column":31},"end":{"line":211,"column":65}},"61":{"start":{"line":219,"column":29},"end":{"line":219,"column":51}}},"fnMap":{"0":{"name":"(anonymous_0)","decl":{"start":{"line":10,"column":19},"end":{"line":10,"column":20}},"loc":{"start":{"line":10,"column":25},"end":{"line":235,"column":1}},"line":10},"1":{"name":"(anonymous_1)","decl":{"start":{"line":23,"column":12},"end":{"line":23,"column":13}},"loc":{"start":{"line":23,"column":18},"end":{"line":35,"column":3}},"line":23},"2":{"name":"(anonymous_2)","decl":{"start":{"line":37,"column":29},"end":{"line":37,"column":30}},"loc":{"start":{"line":37,"column":45},"end":{"line":54,"column":3}},"line":37},"3":{"name":"(anonymous_3)","decl":{"start":{"line":56,"column":28},"end":{"line":56,"column":29}},"loc":{"start":{"line":56,"column":51},"end":{"line":66,"column":3}},"line":56},"4":{"name":"(anonymous_4)","decl":{"start":{"line":68,"column":23},"end":{"line":68,"column":24}},"loc":{"start":{"line":68,"column":35},"end":{"line":121,"column":3}},"line":68},"5":{"name":"(anonymous_5)","decl":{"start":{"line":111,"column":19},"end":{"line":111,"column":20}},"loc":{"start":{"line":111,"column":25},"end":{"line":111,"column":47}},"line":111},"6":{"name":"(anonymous_6)","decl":{"start":{"line":140,"column":29},"end":{"line":140,"column":30}},"loc":{"start":{"line":140,"column":35},"end":{"line":140,"column":56}},"line":140},"7":{"name":"(anonymous_7)","decl":{"start":{"line":159,"column":24},"end":{"line":159,"column":25}},"loc":{"start":{"line":159,"column":31},"end":{"line":159,"column":68}},"line":159},"8":{"name":"(anonymous_8)","decl":{"start":{"line":163,"column":79},"end":{"line":163,"column":80}},"loc":{"start":{"line":163,"column":86},"end":{"line":163,"column":110}},"line":163},"9":{"name":"(anonymous_9)","decl":{"start":{"line":164,"column":79},"end":{"line":164,"column":80}},"loc":{"start":{"line":164,"column":86},"end":{"line":164,"column":110}},"line":164},"10":{"name":"(anonymous_10)","decl":{"start":{"line":165,"column":80},"end":{"line":165,"column":81}},"loc":{"start":{"line":165,"column":87},"end":{"line":165,"column":111}},"line":165},"11":{"name":"(anonymous_11)","decl":{"start":{"line":166,"column":79},"end":{"line":166,"column":80}},"loc":{"start":{"line":166,"column":86},"end":{"line":166,"column":110}},"line":166},"12":{"name":"(anonymous_12)","decl":{"start":{"line":177,"column":22},"end":{"line":177,"column":23}},"loc":{"start":{"line":177,"column":29},"end":{"line":177,"column":56}},"line":177},"13":{"name":"(anonymous_13)","decl":{"start":{"line":192,"column":29},"end":{"line":192,"column":30}},"loc":{"start":{"line":192,"column":35},"end":{"line":192,"column":53}},"line":192},"14":{"name":"(anonymous_14)","decl":{"start":{"line":211,"column":24},"end":{"line":211,"column":25}},"loc":{"start":{"line":211,"column":31},"end":{"line":211,"column":65}},"line":211},"15":{"name":"(anonymous_15)","decl":{"start":{"line":219,"column":23},"end":{"line":219,"column":24}},"loc":{"start":{"line":219,"column":29},"end":{"line":219,"column":51}},"line":219}},"branchMap":{"0":{"loc":{"start":{"line":24,"column":4},"end":{"line":34,"column":5}},"type":"if","locations":[{"start":{"line":24,"column":4},"end":{"line":34,"column":5}},{"start":{},"end":{}}],"line":24},"1":{"loc":{"start":{"line":24,"column":8},"end":{"line":24,"column":25}},"type":"binary-expr","locations":[{"start":{"line":24,"column":8},"end":{"line":24,"column":13}},{"start":{"line":24,"column":17},"end":{"line":24,"column":25}}],"line":24},"2":{"loc":{"start":{"line":28,"column":8},"end":{"line":30,"column":9}},"type":"if","locations":[{"start":{"line":28,"column":8},"end":{"line":30,"column":9}},{"start":{},"end":{}}],"line":28},"3":{"loc":{"start":{"line":58,"column":4},"end":{"line":65,"column":5}},"type":"if","locations":[{"start":{"line":58,"column":4},"end":{"line":65,"column":5}},{"start":{},"end":{}}],"line":58},"4":{"loc":{"start"
[...]
"10":{"start":{"line":29,"column":22},"end":{"line":32,"column":3}},"11":{"start":{"line":34,"column":20},"end":{"line":38,"column":3}},"12":{"start":{"line":40,"column":27},"end":{"line":67,"column":3}},"13":{"start":{"line":43,"column":4},"end":{"line":58,"column":5}},"14":{"start":{"line":45,"column":8},"end":{"line":45,"column":36}},"15":{"start":{"line":46,"column":8},"end":{"line":46,"column":14}},"16":{"start":{"line":48,"column":8},"end":{"line":48,"column":33}},"17":{"start":{"line":49,"column":8},"end":{"line":49,"column":14}},"18":{"start":{"line":51,"column":8},"end":{"line":51,"column":33}},"19":{"start":{"line":52,"column":8},"end":{"line":52,"column":14}},"20":{"start":{"line":54,"column":8},"end":{"line":54,"column":31}},"21":{"start":{"line":55,"column":8},"end":{"line":55,"column":14}},"22":{"start":{"line":57,"column":8},"end":{"line":57,"column":18}},"23":{"start":{"line":60,"column":18},"end":{"line":60,"column":77}},"24":{"start":{"line":61,"column":4},"end":{"line":65,"column":5}},"25":{"start":{"line":62,"column":28},"end":{"line":62,"column":36}},"26":{"start":{"line":63,"column":25},"end":{"line":63,"column":83}},"27":{"start":{"line":63,"column":54},"end":{"line":63,"column":82}},"28":{"start":{"line":64,"column":6},"end":{"line":64,"column":75}},"29":{"start":{"line":66,"column":4},"end":{"line":66,"column":22}},"30":{"start":{"line":69,"column":2},"end":{"line":102,"column":25}},"31":{"start":{"line":70,"column":29},"end":{"line":99,"column":5}},"32":{"start":{"line":71,"column":6},"end":{"line":98,"column":7}},"33":{"start":{"line":72,"column":22},"end":{"line":72,"column":51}},"34":{"start":{"line":73,"column":8},"end":{"line":76,"column":9}},"35":{"start":{"line":74,"column":10},"end":{"line":74,"column":29}},"36":{"start":{"line":75,"column":10},"end":{"line":75,"column":17}},"37":{"start":{"line":78,"column":8},"end":{"line":78,"column":25}},"38":{"start":{"line":79,"column":25},"end":{"line":85,"column":10}},"39":{"start":{"line":87,"column":8},"end":{"line":89,"column":9}},"40":{"start":{"line":88,"column":10},"end":{"line":88,"column":60}},"41":{"start":{"line":91,"column":21},"end":{"line":91,"column":42}},"42":{"start":{"line":92,"column":8},"end":{"line":92,"column":22}},"43":{"start":{"line":93,"column":8},"end":{"line":93,"column":26}},"44":{"start":{"line":95,"column":8},"end":{"line":95,"column":30}},"45":{"start":{"line":96,"column":8},"end":{"line":96,"column":26}},"46":{"start":{"line":97,"column":8},"end":{"line":97,"column":67}},"47":{"start":{"line":101,"column":4},"end":{"line":101,"column":23}},"48":{"start":{"line":104,"column":24},"end":{"line":134,"column":3}},"49":{"start":{"line":105,"column":4},"end":{"line":105,"column":23}},"50":{"start":{"line":107,"column":4},"end":{"line":133,"column":5}},"51":{"start":{"line":108,"column":20},"end":{"line":108,"column":49}},"52":{"start":{"line":109,"column":23},"end":{"line":116,"column":8}},"53":{"start":{"line":118,"column":21},"end":{"line":118,"column":42}},"54":{"start":{"line":119,"column":6},"end":{"line":129,"column":7}},"55":{"start":{"line":120,"column":8},"end":{"line":125,"column":11}},"56":{"start":{"line":126,"column":8},"end":{"line":126,"column":31}},"57":{"start":{"line":128,"column":8},"end":{"line":128,"column":63}},"58":{"start":{"line":131,"column":6},"end":{"line":131,"column":28}},"59":{"start":{"line":132,"column":6},"end":{"line":132,"column":49}},"60":{"start":{"line":136,"column":27},"end":{"line":140,"column":3}},"61":{"start":{"line":137,"column":25},"end":{"line":137,"column":35}},"62":{"start":{"line":138,"column":4},"end":{"line":138,"column":32}},"63":{"start":{"line":139,"column":4},"end":{"line":139,"column":27}},"64":{"start":{"line":142,"column":2},"end":{"line":144,"column":22}},"65":{"start":{"line":143,"column":4},"end":{"line":143,"column":44}},"66":{"start":{"line":146,"column":2},"end":{"line":152,"column":3}},"67":{"start":{"line":147,"column":4},"end":{"line":151,"column":6}},"68":{"start":{"line":154,"column":2},"end":{"line":156,"column":3}},"69":{"start":{"line":155,"column":4},"end":{"line":155,"column":58}},"70":{"start":{"line":158,"column":24},"end":{"line":158,"column":71}},"71":{"start":{"line":160,"column":2},"end":{"line":228,"column":4}},"72":{"start":{"line":192,"column":100},"end":{"line":192,"column":142}},"73":{"start":{"line":194,"column":16},"end":{"line":194,"column":66}},"74":{"start":{"line":200,"column":12},"end":{"line":214,"column":18}},"75":{"start":{"line":205,"column":33},"end":{"line":205,"column":72}},"76":{"start":{"line":209,"column":18},"end":{"line":211,"column":27}},"77":{"start":{"line":221,"column":131},"end":{"line":221,"column":153}}},"fnMap":{"0":{"name":"(anonymous_0)","decl":{"start":{"line":7,"column":20},"end":{"line":7,"column":21}},"loc":{"start":{"line":7,"column":26},"end":{"line":229,"column":1}},"line":7},"1":{"name":"(anonymous_1)","decl":{"start":{"line":40,"column":27},"end":{"line":40,"column":28}},"loc":{"start":{"line":40,"column":52},"end":{"line":67,"column":3}},"line":40},"2":{"name":"(anonymous_2)","decl":{"start":{"line":63,"column":46},"end":{"line":63,"column":47}},"loc":{"start":{"line":63,"column":54},"end":{"line":63,"column":82}},"line":63},"3":{"name":"(anonymous_3)","decl":{"start":{"line":69,"column":12},"end":{"line":69,"column":13}},"loc":{"start":{"line":69,"column":18},"end":{"line":102,"column":3}},"line":69},"4":{"name":"(anonymous_4)","decl":{"start":{"line":70,"column":29},"end":{"line":70,"column":30}},"loc":{"start":{"line":70,"column":41},"end":{"line":99,"column":5}},"line":70},"5":{"name":"(anonymous_5)","decl":{"start":{"line":104,"column":24},"end":{"line":104,"column":25}},"loc":{"start":{"line":104,"column":37},"end":{"line":134,"column":3}},"line":104},"6":{"name":"(anonymous_6)","decl":{"start":{"line":136,"column":27},"end":{"line":136,"column":28}},"loc":{"start":{"line":136,"column":45},"end":{"line":140,"column":3}},"line":136},"7":{"name":"(anonymous_7)","decl":{"start":{"line":142,"column":12},"end":{"line":142,"column":13}},"loc":{"start":{"line":142,"column":18},"end":{"line":144,"column":3}},"line":142},"8":{"name":"(anonymous_8)","decl":{"start":{"line":192,"column":93},"end":{"line":192,"column":94}},"loc":{"start":{"line":192,"column":100},"end":{"line":192,"column":142}},"line":192},"9":{"name":"(anonymous_9)","decl":{"start":{"line":193,"column":58},"end":{"line":193,"column":59}},"loc":{"start":{"line":194,"column":16},"end":{"line":194,"column":66}},"line":194},"10":{"name":"(anonymous_10)","decl":{"start":{"line":199,"column":53},"end":{"line":199,"column":54}},"loc":{"start":{"line":200,"column":12},"end":{"line":214,"column":18}},"line":200},"11":{"name":"(anonymous_11)","decl":{"start":{"line":205,"column":26},"end":{"line":205,"column":27}},"loc":{"start":{"line":205,"column":33},"end":{"line":205,"column":72}},"line":205},"12":{"name":"(anonymous_12)","decl":{"start":{"line":208,"column":35},"end":{"line":208,"column":36}},"loc":{"start":{"line":209,"column":18},"end":{"line":211,"column":27}},"line":209},"13":{"name":"(anonymous_13)","decl":{"start":{"line":221,"column":125},"end":{"line":221,"column":126}},"loc":{"start":{"line":221,"column":131},"end":{"line":221,"column":153}},"line":221}},"branchMap":{"0":{"loc":{"start":{"line":43,"column":4},"end":{"line":58,"column":5}},"type":"switch","locations":[{"start":{"line":44,"column":6},"end":{"line":46,"column":14}},{"start":{"line":47,"column":6},"end":{"line":49,"column":14}},{"start":{"line":50,"column":6},"end":{"line":52,"column":14}},{"start":{"line":53,"column":6},"end":{"line":55,"column":14}},{"start":{"line":56,"column":6},"end":{"line":57,"column":18}}],"line":43},"1":{"loc":{"start":{"line":61,"column":4},"end":{"line":65,"column":5}},"type":"if","locations":[{"start":{"line":61,"column":4},"end":{"line":65,"column":5}},{"start":{},"end":{}}],"line":61},"2":{"loc":{"start":{"line":64,"column":13},"end":{"line":64,"column":74}},"type":"cond-expr","locations":[{"start":{"line":64,"column":33},"end":{"line":64,"column":61}},{"start":{"line":64,"column":64},"end":{"line":64,"column":74}}],"line":64},"3":{"loc":{"start":{"line":73,"column":8},"end":{"line":76,"column":9}},"type":"if","locations":[{"start":{"line":73,"column":8},"end":{"line":76,"column":9}},{"start":{},"end":{}}],"line":73},"4":{"loc":{"start":{"line":87,"column":8},"end":{"line":89,"column":9}},"type":"if","locations":[{"start":{"line":87,"column":8},"end":{"line":89,"column":9}},{"start":{},"end":{}}],"line":87},"5":{"loc":{"start":{"line":119,"column":6},"end":{"line":129,"column":7}},"type":"if","locations":[{"start":{"line":119,"column":6},"end":{"line":129,"column":7}},{"start":{"line":127,"column":13},"end":{"line":129,"column":7}}],"line":119},"6":{"loc":{"start":{"line":128,"column":24},"end":{"line":128,"column":61}},"type":"binary-expr","locations":[{"start":{"line":128,"column":24},"end":{"line":128,"column":36}},{"start":{"line":128,"column":40},"end":{"line":128,"column":61}}],"line":128},"7":{"loc":{"start":{"line":146,"column":2},"end":{"line":152,"column":3}},"type":"if","locations":[{"start":{"line":146,"column":2},"end":{"line":152,"column":3}},{"start":{},"end":{}}],"line":146},"8":{"loc":{"start":{"line":154,"column":2},"end":{"line":156,"column":3}},"type":"if","locations":[{"start":{"line":154,"column":2},"end":{"line":156,"column":3}},{"start":{},"end":{}}],"line":154},"9":{"loc":{"start":{"line":204,"column":23},"end":{"line":204,"column":41}},"type":"binary-expr","locations":[{"start":{"line":204,"column":23},"end":{"line":204,"column":35}},{"start":{"line":204,"column":39},"end":{"line":204,"column":41}}],"line":204}},"s":{"0":0,"1":0,"2":0,"3":0,"4":0,"5":0,"6":0,"7":0,"8":0,"9":0,"10":0,"11":0,"12":0,"13":0,"14":0,"15":0,"16":0,"17":0,"18":0,"19":0,"20":0,"21":0,"22":0,"23":0,"24":0,"25":0,"26":0,"27":0,"28":0,"29":0,"30":0,"31":0,"32":0,"33":0,"34":0,"35":0,"36":0,"37":0,"38":0,"39":0,"40":0,"41":0,"42":0,"43":0,"44":0,"45":0,"46":0,"47":0,"48":0,"49":0,"50":0,"51":0,"52":0,"53":0,"54":0,"55":0,"56":0,"57":0,"58":0,"59":0,"60":0,"61":0,"62":0,"63":0,"64":0,"65":0,"66":0,"67":0,"68":0,"69":0,"70":0,"71":0,"72":0,"73":0,"74":0,"75":0,"76":0,"77":0},"f":{"0":0,"1":0,"2":0,"3":0,"4":0,"5":0,"6":0,"7":0,"8":0,"9":0,"10":0,"11":0,"12":0,"13":0},"b":{"0":[0,0,0,0,0],"1":[0,0],"2":[0,0],"3":[0,0],"4":[0,0],"5":[0,0],"6":[0,0],"7":[0,0],"8":[0,0],"9":[0,0]}}
,"C:\\Users\\Lenovo\\Documents\\GitHub\\FrontProyecto\\src\\components\\trip\\TripList.jsx": {"path":"C:\\Users\\Lenovo\\Documents\\GitHub\\FrontProyecto\\src\\components\\trip\\TripList.jsx","statementMap":{"0":{"start":{"line":9,"column":17},"end":{"line":168,"column":1}},"1":{"start":{"line":10,"column":28},"end":{"line":10,"column":37}},"2":{"start":{"line":11,"column":28},"end":{"line":11,"column":40}},"3":{"start":{"line":12,"column":44},"end":{"line":12,"column":56}},"4":{"start":{"line":13,"column":40},"end":{"line":13,"column":55}},"5":{"start":{"line":14,"column":34},"end":{"line":14,"column":46}},"6":{"start":{"line":15,"column":28},"end":{"line":15,"column":40}},"7":{"start":{"line":16,"column":34},"end":{"line":16,"column":49}},"8":{"start":{"line":17,"column":32},"end":{"line":17,"column":46}},"9":{"start":{"line":18,"column":19},"end":{"line":18,"column":32}},"10":{"start":{"line":20,"column":2},"end":{"line":51,"column":17}},"11":{"start":{"line":21,"column":23},"end":{"line":47,"column":5}},"12":{"start":{"line":22,"column":20},"end":{"line":22,"column":49}},"13":{"start":{"line":24,"column":6},"end":{"line":27,"column":7}},"14":{"start":{"line":25,"column":8},"end":{"line":25,"column":27}},"15":{"start":{"line":26,"column":8},"end":{"line":26,"column":15}},"16":{"start":{"line":29,"column":6},"end":{"line":29,"column":23}},"17":{"start":{"line":30,"column":23},"end":{"line":34,"column":8}},"18":{"start":{"line":36,"column":6},"end":{"line":45,"column":7}},"19":{"start":{"line":37,"column":8},"end":{"line":37,"column":27}},"20":{"start":{"line":39,"column":21},"end":{"line":39,"column":42}},"21":{"start":{"line":42,"column":29},"end":{"line":42,"column":54}},"22":{"start":{"line":43,"column":8},"end":{"line":43,"column":31}},"23":{"start":{"line":44,"column":8},"end":{"line":44,"column":39}},"24":{"start":{"line":46,"column":6},"end":{"line":46,"column":24}},"25":{"start":{"line":50,"column":4},"end":{"line":50,"column":17}},"26":{"start":{"line":54,"column":2},"end":{"line":58,"column":27}},"27":{"start":{"line":55,"column":4},"end":{"line":57,"column":5}},"28":{"start":{"line":56,"column":6},"end":{"line":56,"column":32}},"29":{"start":{"line":61,"column":22},"end":{"line":69,"column":3}},"30":{"start":{"line":62,"column":21},"end":{"line":67,"column":6}},"31":{"start":{"line":63,"column":25},"end":{"line":63,"column":85}},"32":{"start":{"line":64,"column":25},"end":{"line":64,"column":95}},"33":{"start":{"line":65,"column":32},"end":{"line":65,"column":55}},"34":{"start":{"line":66,"column":6},"end":{"line":66,"column":59}},"35":{"start":{"line":68,"column":4},"end":{"line":68,"column":31}},"36":{"start":{"line":72,"column":2},"end":{"line":74,"column":31}},"37":{"start":{"line":73,"column":4},"end":{"line":73,"column":18}},"38":{"start":{"line":76,"column":2},"end":{"line":167,"column":4}},"39":{"start":{"line":79,"column":40},"end":{"line":79,"column":60}},"40":{"start":{"line":91,"column":32},"end":{"line":91,"column":54}},"41":{"start":{"line":117,"column":31},"end":{"line":117,"column":58}},"42":{"start":{"line":133,"column":31},"end":{"line":133,"column":55}},"43":{"start":{"line":154,"column":14},"end":{"line":154,"column":56}},"44":{"start":{"line":164,"column":48},"end":{"line":164,"column":69}}},"fnMap":{"0":{"name":"(anonymous_0)","decl":{"start":{"line":9,"column":17},"end":{"line":9,"column":18}},"loc":{"start":{"line":9,"column":23},"end":{"line":168,"column":1}},"line":9},"1":{"name":"(anonymous_1)","decl":{"start":{"line":20,"column":12},"end":{"line":20,"column":13}},"loc":{"start":{"line":20,"column":18},"end":{"line":51,"column":3}},"line":20},"2":{"name":"(anonymous_2)","decl":{"start":{"line":21,"column":23},"end":{"line":21,"column":24}},"loc":{"start":{"line":21,"column":35},"end":{"line":47,"column":5}},"line":21},"3":{"name":"(anonymous_3)","decl":{"start":{"line":54,"column":12},"end":{"line":54,"column":13}},"loc":{"start":{"line":54,"column":18},"end":{"line":58,"column":3}},"line":54},"4":{"name":"(anonymous_4)","decl":{"start":{"line":61,"column":22},"end":{"line":61,"column":23}},"loc":{"start":{"line":61,"column":28},"end":{"line":69,"column":3}},"line":61},"5":{"name":"(anonymous_5)","decl":{"start":{"line":62,"column":34},"end":{"line":62,"column":35}},"loc":{"start":{"line":62,"column":42},"end":{"line":67,"column":5}},"line":62},"6":{"name":"(anonymous_6)","decl":{"start":{"line":72,"column":12},"end":{"line":72,"column":13}},"loc":{"start":{"line":72,"column":18},"end":{"line":74,"column":3}},"line":72},"7":{"name":"(anonymous_7)","decl":{"start":{"line":79,"column":34},"end":{"line":79,"column":35}},"loc":{"start":{"line":79,"column":40},"end":{"line":79,"column":60}},"line":79},"8":{"name":"(anonymous_8)","decl":{"start":{"line":91,"column":26},"end":{"line":91,"column":27}},"loc":{"start":{"line":91,"column":32},"end":{"line":91,"column":54}},"line":91},"9":{"name":"(anonymous_9)","decl":{"start":{"line":117,"column":26},"end":{"line":117,"column":27}},"loc":{"start":{"line":117,"column":31},"end":{"line":117,"column":58}},"line":117},"10":{"name":"(anonymous_10)","decl":{"start":{"line":133,"column":26},"end":{"line":133,"column":27}},"loc":{"start":{"line":133,"column":31},"end":{"line":133,"column":55}},"line":133},"11":{"name":"(anonymous_11)","decl":{"start":{"line":153,"column":30},"end":{"line":153,"column":31}},"loc":{"start":{"line":154,"column":14},"end":{"line":154,"column":56}},"line":154},"12":{"name":"(anonymous_12)","decl":{"start":{"line":164,"column":42},"end":{"line":164,"column":43}},"loc":{"start":{"line":164,"column":48},"end":{"line":164,"column":69}},"line":164}},"branchMap":{"0":{"loc":{"start":{"line":24,"column":6},"end":{"line":27,"column":7}},"type":"if","locations":[{"start":{"line":24,"column":6},"end":{"line":27,"column":7}},{"start":{},"end":{}}],"line":24},"1":{"loc":{"start":{"line":36,"column":6},"end":{"line":45,"column":7}},"type":"if","locations":[{"start":{"line":36,"column":6},"end":{"line":45,"column":7}},{"start":{"line":38,"column":13},"end":{"line":45,"column":7}}],"line":36},"2":{"loc":{"start":{"line":36,"column":10},"end":{"line":36,"column":60}},"type":"binary-expr","locations":[{"start":{"line":36,"column":10},"end":{"line":36,"column":33}},{"start":{"line":36,"column":37},"end":{"line":36,"column":60}}],"line":36},"3":{"loc":{"start":{"line":55,"column":4},"end":{"line":57,"column":5}},"type":"if","locations":[{"start":{"line":55,"column":4},"end":{"line":57,"column":5}},{"start":{},"end":{}}],"line":55},"4":{"loc":{"start":{"line":63,"column":25},"end":{"line":63,"column":85}},"type":"binary-expr","locations":[{"start":{"line":63,"column":25},"end":{"line":63,"column":40}},{"start":{"line":63,"column":44},"end":{"line":63,"column":85}}],"line":63},"5":{"loc":{"start":{"line":64,"column":25},"end":{"line":64,"column":95}},"type":"binary-expr","locations":[{"start":{"line":64,"column":25},"end":{"line":64,"column":37}},{"start":{"line":64,"column":41},"end":{"line":64,"column":95}}],"line":64},"6":{"loc":{"start":{"line":66,"column":13},"end":{"line":66,"column":58}},"type":"binary-expr","locations":[{"start":{"line":66,"column":13},"end":{"line":66,"column":23}},{"start":{"line":66,"column":27},"end":{"line":66,"column":37}},{"start":{"line":66,"column":41},"end":{"line":66,"column":58}}],"line":66},"7":{"loc":{"start":{"line":98,"column":20},"end":{"line":98,"column":57}},"type":"cond-expr","locations":[{"start":{"line":98,"column":31},"end":{"line":98,"column":41}},{"start":{"line":98,"column":44},"end":{"line":98,"column":57}}],"line":98},"8":{"loc":{"start":{"line":99,"column":22},"end":{"line":99,"column":63}},"type":"cond-expr","locations":[{"start":{"line":99,"column":33},"end":{"line":99,"column":58}},{"start":{"line":99,"column":61},"end":{"line":99,"column":63}}],"line":99},"9":{"loc":{"start":{"line":146,"column":9},"end":{"line":161,"column":9}},"type":"cond-expr","locations":[{"start":{"line":147,"column":10},"end":{"line":149,"column":16}},{"start":{"line":152,"column":10},"end":{"line":160,"column":11}}],"line":146},"10":{"loc":{"start":{"line":152,"column":10},"end":{"line":160,"column":11}},"type":"cond-expr","locations":[{"start":{"line":153,"column":12},"end":{"line":155,"column":14}},{"start":{"line":157,"column":12},"end":{"line":159,"column":18}}],"line":152},"11":{"loc":{"start":{"line":164,"column":9},"end":{"line":164,"column":90}},"type":"binary-expr","locations":[{"start":{"line":164,"column":9},"end":{"line":164,"column":20}},{"start":{"line":164,"column":24},"end":{"line":164,"column":90}}],"line":164}},"s":{"0":1,"1":3,"2":3,"3":3,"4":3,"5":3,"6":3,"7":3,"8":3,"9":3,"10":3,"11":1,"12":1,"13":1,"14":1,"15":1,"16":0,"17":0,"18":0,"19":0,"20":0,"21":0,"22":0,"23":0,"24":0,"25":1,"26":3,"27":2,"28":1,"29":3,"30":1,"31":0,"32":0,"33":0,"34":0,"35":1,"36":3,"37":1,"38":3,"39":0,"40":1,"41":0,"42":0,"43":0,"44":0},"f":{"0":3,"1":1,"2":1,"3":2,"4":1,"5":0,"6":1,"7":0,"8":1,"9":0,"10":0,"11":0,"12":0},"b":{"0":[1,0],"1":[0,0],"2":[0,0],"3":[1,1],"4":[0,0],"5":[0,0],"6":[0,0,0],"7":[1,2],"8":[1,2],"9":[3,0],"10":[0,0],"11":[3,0]},"_coverageSchema":"1a1c01bbd47fc00a2c39e90264f33305004495a9","hash":"fd322b57463d778c7bd48a4abea528fa8122771c"}
,"C:\\Users\\Lenovo\\Documents\\GitHub\\FrontProyecto\\src\\mocks\\server.js": {"path":"C:\\Users\\Lenovo\\Documents\\GitHub\\FrontProyecto\\src\\mocks\\server.js","statementMap":{"0":{"start":{"line":4,"column":22},"end":{"line":4,"column":46}}},"fnMap":{},"branchMap":{},"s":{"0":0},"f":{},"b":{}}
}
