TN:
SF:src\App.jsx
FN:18,App
FNF:1
FNH:0
FNDA:0,App
DA:19,0
LF:1
LH:0
BRF:0
BRH:0
end_of_record
TN:
SF:src\main.jsx
FNF:0
FNH:0
DA:6,0
LF:1
LH:0
BRF:0
BRH:0
end_of_record
TN:
SF:src\setupTest.js
FNF:0
FNH:0
LF:0
LH:0
BRF:0
BRH:0
end_of_record
TN:
SF:src\components\auth\Login.jsx
FN:11,(anonymous_0)
FN:19,(anonymous_1)
FN:40,(anonymous_2)
FN:47,(anonymous_3)
FN:92,(anonymous_4)
FN:113,(anonymous_5)
FN:120,(anonymous_6)
FN:125,(anonymous_7)
FNF:8
FNH:4
FNDA:5,(anonymous_0)
FNDA:0,(anonymous_1)
FNDA:5,(anonymous_2)
FNDA:1,(anonymous_3)
FNDA:0,(anonymous_4)
FNDA:0,(anonymous_5)
FNDA:0,(anonymous_6)
FNDA:2,(anonymous_7)
DA:11,1
DA:12,5
DA:13,5
DA:14,5
DA:15,5
DA:16,5
DA:17,5
DA:19,5
DA:20,0
DA:21,0
DA:32,0
DA:33,0
DA:36,0
DA:40,5
DA:41,5
DA:42,5
DA:43,0
DA:47,5
DA:48,1
DA:50,1
DA:51,1
DA:52,1
DA:55,0
DA:57,0
DA:58,0
DA:69,0
DA:70,0
DA:71,0
DA:77,0
DA:80,0
DA:81,0
DA:82,0
DA:84,0
DA:86,0
DA:93,0
DA:96,0
DA:97,0
DA:106,5
DA:113,0
DA:120,0
DA:125,2
LF:41
LH:18
BRDA:32,0,0,0
BRDA:32,0,1,0
BRDA:42,1,0,0
BRDA:42,1,1,5
BRDA:50,2,0,1
BRDA:50,2,1,0
BRDA:50,3,0,1
BRDA:50,3,1,0
BRDA:69,4,0,0
BRDA:69,4,1,0
BRDA:117,5,0,1
BRDA:117,5,1,4
BRDA:128,6,0,1
BRDA:128,6,1,4
BRDA:131,7,0,5
BRDA:131,7,1,1
BRF:16
BRH:9
end_of_record
TN:
SF:src\components\auth\Password.jsx
FN:9,(anonymous_0)
FN:17,(anonymous_1)
FN:24,(anonymous_2)
FN:29,(anonymous_3)
FN:66,(anonymous_4)
FN:75,(anonymous_5)
FNF:6
FNH:6
FNDA:14,(anonymous_0)
FNDA:5,(anonymous_1)
FNDA:3,(anonymous_2)
FNDA:4,(anonymous_3)
FNDA:3,(anonymous_4)
FNDA:3,(anonymous_5)
DA:9,1
DA:10,14
DA:11,14
DA:12,14
DA:13,14
DA:15,14
DA:17,14
DA:18,5
DA:19,1
DA:24,14
DA:25,3
DA:26,3
DA:29,14
DA:30,4
DA:33,4
DA:34,1
DA:35,1
DA:39,3
DA:40,1
DA:41,1
DA:45,2
DA:46,1
DA:47,1
DA:51,1
DA:56,1
DA:59,14
DA:67,3
DA:68,3
DA:76,3
DA:77,3
LF:30
LH:30
BRDA:18,0,0,1
BRDA:18,0,1,4
BRDA:33,1,0,1
BRDA:33,1,1,3
BRDA:33,2,0,4
BRDA:33,2,1,3
BRDA:39,3,0,1
BRDA:39,3,1,2
BRDA:45,4,0,1
BRDA:45,4,1,1
BRDA:80,5,0,14
BRDA:80,5,1,3
BRF:12
BRH:12
end_of_record
TN:
SF:src\components\auth\Register.jsx
FN:9,(anonymous_0)
FN:20,(anonymous_1)
FN:25,(anonymous_2)
FN:59,(anonymous_3)
FN:65,(anonymous_4)
FN:71,(anonymous_5)
FNF:6
FNH:6
FNDA:11,(anonymous_0)
FNDA:2,(anonymous_1)
FNDA:3,(anonymous_2)
FNDA:2,(anonymous_3)
FNDA:2,(anonymous_4)
FNDA:2,(anonymous_5)
DA:9,1
DA:10,11
DA:11,11
DA:12,11
DA:13,11
DA:14,11
DA:15,11
DA:17,11
DA:20,11
DA:21,2
DA:22,2
DA:25,11
DA:26,3
DA:29,3
DA:30,1
DA:31,1
DA:35,2
DA:36,1
DA:37,1
DA:41,1
DA:48,1
DA:51,11
DA:59,2
DA:65,2
DA:72,2
DA:73,2
DA:74,2
LF:27
LH:27
BRDA:29,0,0,1
BRDA:29,0,1,2
BRDA:29,1,0,3
BRDA:29,1,1,2
BRDA:29,1,2,2
BRDA:35,2,0,1
BRDA:35,2,1,1
BRDA:77,3,0,11
BRDA:77,3,1,1
BRDA:78,4,0,11
BRDA:78,4,1,1
BRF:11
BRH:11
end_of_record
TN:
SF:src\components\auth\UserContext.jsx
FN:7,(anonymous_0)
FN:12,(anonymous_1)
FNF:2
FNH:0
FNDA:0,(anonymous_0)
FNDA:0,(anonymous_1)
DA:4,2
DA:7,2
DA:8,0
DA:12,2
DA:13,0
DA:23,0
LF:6
LH:3
BRF:0
BRH:0
end_of_record
TN:
SF:src\components\auth\Welcome.jsx
FN:5,(anonymous_0)
FN:28,(anonymous_1)
FN:34,(anonymous_2)
FNF:3
FNH:0
FNDA:0,(anonymous_0)
FNDA:0,(anonymous_1)
FNDA:0,(anonymous_2)
DA:5,0
DA:6,0
DA:8,0
DA:28,0
DA:34,0
LF:5
LH:0
BRF:0
BRH:0
end_of_record
TN:
SF:src\components\driver\EditVehicle.jsx
FN:8,(anonymous_0)
FN:18,(anonymous_1)
FN:20,(anonymous_2)
FN:49,(anonymous_3)
FN:68,(anonymous_4)
FN:80,(anonymous_5)
FN:128,(anonymous_6)
FN:158,(anonymous_7)
FN:177,(anonymous_8)
FN:181,(anonymous_9)
FN:182,(anonymous_10)
FN:183,(anonymous_11)
FN:184,(anonymous_12)
FN:195,(anonymous_13)
FN:211,(anonymous_14)
FN:230,(anonymous_15)
FN:236,(anonymous_16)
FNF:17
FNH:0
FNDA:0,(anonymous_0)
FNDA:0,(anonymous_1)
FNDA:0,(anonymous_2)
FNDA:0,(anonymous_3)
FNDA:0,(anonymous_4)
FNDA:0,(anonymous_5)
FNDA:0,(anonymous_6)
FNDA:0,(anonymous_7)
FNDA:0,(anonymous_8)
FNDA:0,(anonymous_9)
FNDA:0,(anonymous_10)
FNDA:0,(anonymous_11)
FNDA:0,(anonymous_12)
FNDA:0,(anonymous_13)
FNDA:0,(anonymous_14)
FNDA:0,(anonymous_15)
FNDA:0,(anonymous_16)
DA:8,0
DA:9,0
DA:10,0
DA:11,0
DA:12,0
DA:13,0
DA:14,0
DA:15,0
DA:16,0
DA:18,0
DA:20,0
DA:21,0
DA:22,0
DA:23,0
DA:30,0
DA:31,0
DA:34,0
DA:35,0
DA:36,0
DA:37,0
DA:38,0
DA:39,0
DA:41,0
DA:42,0
DA:46,0
DA:49,0
DA:50,0
DA:51,0
DA:52,0
DA:54,0
DA:55,0
DA:60,0
DA:61,0
DA:63,0
DA:64,0
DA:68,0
DA:69,0
DA:70,0
DA:71,0
DA:72,0
DA:73,0
DA:75,0
DA:80,0
DA:81,0
DA:82,0
DA:87,0
DA:90,0
DA:100,0
DA:101,0
DA:102,0
DA:111,0
DA:112,0
DA:113,0
DA:118,0
DA:121,0
DA:122,0
DA:128,0
DA:131,0
DA:132,0
DA:140,0
DA:158,0
DA:177,0
DA:181,0
DA:182,0
DA:183,0
DA:184,0
DA:195,0
DA:211,0
DA:230,0
DA:236,0
LF:70
LH:0
BRDA:30,0,0,0
BRDA:30,0,1,0
BRDA:70,1,0,0
BRDA:70,1,1,0
BRDA:81,2,0,0
BRDA:81,2,1,0
BRDA:81,3,0,0
BRDA:81,3,1,0
BRDA:81,3,2,0
BRDA:81,3,3,0
BRDA:81,3,4,0
BRDA:81,3,5,0
BRDA:81,3,6,0
BRDA:111,4,0,0
BRDA:111,4,1,0
BRDA:116,5,0,0
BRDA:116,5,1,0
BRDA:125,6,0,0
BRDA:125,6,1,0
BRDA:152,7,0,0
BRDA:152,7,1,0
BRDA:205,8,0,0
BRDA:205,8,1,0
BRF:23
BRH:0
end_of_record
TN:
SF:src\components\driver\ManageTrips.jsx
FN:10,(anonymous_0)
FN:27,(anonymous_1)
FN:28,(anonymous_2)
FN:76,(anonymous_3)
FN:89,(anonymous_4)
FN:119,(anonymous_5)
FN:120,(anonymous_6)
FN:145,(anonymous_7)
FN:174,(anonymous_8)
FN:175,(anonymous_9)
FN:196,(anonymous_10)
FN:207,(anonymous_11)
FN:240,(anonymous_12)
FN:253,(anonymous_13)
FN:275,(anonymous_14)
FN:282,(anonymous_15)
FN:294,(anonymous_16)
FN:305,(anonymous_17)
FN:314,(anonymous_18)
FN:323,(anonymous_19)
FN:336,(anonymous_20)
FN:345,(anonymous_21)
FN:352,(anonymous_22)
FNF:23
FNH:5
FNDA:3,(anonymous_0)
FNDA:2,(anonymous_1)
FNDA:2,(anonymous_2)
FNDA:0,(anonymous_3)
FNDA:0,(anonymous_4)
FNDA:0,(anonymous_5)
FNDA:0,(anonymous_6)
FNDA:0,(anonymous_7)
FNDA:0,(anonymous_8)
FNDA:0,(anonymous_9)
FNDA:1,(anonymous_10)
FNDA:0,(anonymous_11)
FNDA:1,(anonymous_12)
FNDA:0,(anonymous_13)
FNDA:0,(anonymous_14)
FNDA:0,(anonymous_15)
FNDA:0,(anonymous_16)
FNDA:0,(anonymous_17)
FNDA:0,(anonymous_18)
FNDA:0,(anonymous_19)
FNDA:0,(anonymous_20)
FNDA:0,(anonymous_21)
FNDA:0,(anonymous_22)
DA:10,1
DA:11,3
DA:12,3
DA:13,3
DA:14,3
DA:15,3
DA:22,3
DA:23,3
DA:24,3
DA:25,3
DA:27,3
DA:28,2
DA:29,2
DA:31,2
DA:32,2
DA:33,2
DA:36,0
DA:37,0
DA:46,0
DA:47,0
DA:56,0
DA:57,0
DA:59,0
DA:62,0
DA:64,0
DA:65,0
DA:67,0
DA:70,2
DA:71,2
DA:72,2
DA:76,3
DA:78,0
DA:79,0
DA:86,0
DA:89,3
DA:90,0
DA:91,0
DA:93,0
DA:94,0
DA:97,0
DA:111,0
DA:112,0
DA:113,0
DA:116,0
DA:119,0
DA:120,0
DA:121,0
DA:126,0
DA:128,0
DA:135,0
DA:137,0
DA:145,3
DA:146,0
DA:157,0
DA:158,0
DA:159,0
DA:160,0
DA:170,0
DA:171,0
DA:174,0
DA:175,0
DA:178,0
DA:185,0
DA:187,0
DA:196,3
DA:197,1
DA:198,1
DA:199,1
DA:203,3
DA:207,0
DA:240,1
DA:254,0
DA:275,0
DA:282,0
DA:294,0
DA:306,0
DA:315,0
DA:323,0
DA:337,0
DA:346,0
DA:352,0
LF:81
LH:28
BRDA:31,0,0,2
BRDA:31,0,1,0
BRDA:46,1,0,0
BRDA:46,1,1,0
BRDA:46,2,0,0
BRDA:46,2,1,0
BRDA:56,3,0,0
BRDA:56,3,1,0
BRDA:65,4,0,0
BRDA:65,4,1,0
BRDA:70,5,0,2
BRDA:70,5,1,0
BRDA:93,6,0,0
BRDA:93,6,1,0
BRDA:111,7,0,0
BRDA:111,7,1,0
BRDA:113,8,0,0
BRDA:113,8,1,0
BRDA:121,9,0,0
BRDA:121,9,1,0
BRDA:140,10,0,0
BRDA:140,10,1,0
BRDA:157,11,0,0
BRDA:157,11,1,0
BRDA:170,12,0,0
BRDA:170,12,1,0
BRDA:198,13,0,1
BRDA:198,13,1,0
BRDA:210,14,0,0
BRDA:210,14,1,3
BRDA:226,15,0,2
BRDA:226,15,1,1
BRDA:227,16,0,2
BRDA:227,16,1,1
BRDA:247,17,0,3
BRDA:247,17,1,0
BRDA:252,18,0,0
BRDA:252,18,1,0
BRDA:294,19,0,3
BRDA:294,19,1,0
BRDA:296,20,0,3
BRDA:296,20,1,0
BRF:42
BRH:11
end_of_record
TN:
SF:src\components\driver\RegisterTrip.jsx
FN:6,(anonymous_0)
FN:15,(anonymous_1)
FN:59,(anonymous_2)
FN:79,(anonymous_3)
FN:88,(anonymous_4)
FN:96,(anonymous_5)
FN:111,(anonymous_6)
FN:120,(anonymous_7)
FN:129,(anonymous_8)
FN:134,(anonymous_9)
FNF:10
FNH:3
FNDA:3,(anonymous_0)
FNDA:2,(anonymous_1)
FNDA:3,(anonymous_2)
FNDA:0,(anonymous_3)
FNDA:0,(anonymous_4)
FNDA:0,(anonymous_5)
FNDA:0,(anonymous_6)
FNDA:0,(anonymous_7)
FNDA:0,(anonymous_8)
FNDA:0,(anonymous_9)
DA:6,1
DA:7,3
DA:8,3
DA:9,3
DA:10,3
DA:11,3
DA:12,3
DA:13,3
DA:15,3
DA:16,2
DA:18,2
DA:19,1
DA:20,1
DA:21,1
DA:24,1
DA:33,1
DA:34,1
DA:43,1
DA:45,1
DA:46,1
DA:47,1
DA:50,0
DA:51,0
DA:54,0
DA:55,0
DA:59,3
DA:60,3
DA:61,3
DA:62,2
DA:63,2
DA:67,3
DA:79,0
DA:88,0
DA:96,0
DA:111,0
DA:120,0
DA:129,0
DA:134,0
LF:38
LH:27
BRDA:18,0,0,1
BRDA:18,0,1,1
BRDA:43,1,0,1
BRDA:43,1,1,0
BRDA:51,2,0,0
BRDA:51,2,1,0
BRDA:61,3,0,2
BRDA:61,3,1,1
BRF:8
BRH:5
end_of_record
TN:
SF:src\components\driver\ViewVehicle.jsx
FN:5,(anonymous_0)
FN:10,(anonymous_1)
FN:11,(anonymous_2)
FN:129,(anonymous_3)
FN:135,(anonymous_4)
FNF:5
FNH:0
FNDA:0,(anonymous_0)
FNDA:0,(anonymous_1)
FNDA:0,(anonymous_2)
FNDA:0,(anonymous_3)
FNDA:0,(anonymous_4)
DA:5,0
DA:6,0
DA:7,0
DA:8,0
DA:10,0
DA:11,0
DA:12,0
DA:13,0
DA:14,0
DA:21,0
DA:22,0
DA:23,0
DA:24,0
DA:27,0
DA:28,0
DA:29,0
DA:31,0
DA:32,0
DA:34,0
DA:39,0
DA:42,0
DA:43,0
DA:50,0
DA:51,0
DA:58,0
DA:129,0
DA:135,0
LF:27
LH:0
BRDA:21,0,0,0
BRDA:21,0,1,0
BRDA:42,1,0,0
BRDA:42,1,1,0
BRDA:50,2,0,0
BRDA:50,2,1,0
BRDA:68,3,0,0
BRDA:68,3,1,0
BRDA:118,4,0,0
BRDA:118,4,1,0
BRF:10
BRH:0
end_of_record
TN:
SF:src\components\passengerBar\Reservations.jsx
FN:7,(anonymous_0)
FN:21,(anonymous_1)
FN:22,(anonymous_2)
FN:36,(anonymous_3)
FN:51,(anonymous_4)
FN:59,(anonymous_5)
FN:65,(anonymous_6)
FN:106,(anonymous_7)
FN:107,(anonymous_8)
FN:122,(anonymous_9)
FN:143,(anonymous_10)
FN:144,(anonymous_11)
FN:168,(anonymous_12)
FN:177,(anonymous_13)
FN:185,(anonymous_14)
FN:197,(anonymous_15)
FN:203,(anonymous_16)
FN:226,(anonymous_17)
FN:231,(anonymous_18)
FN:237,(anonymous_19)
FN:240,(anonymous_20)
FNF:21
FNH:3
FNDA:1,(anonymous_0)
FNDA:1,(anonymous_1)
FNDA:1,(anonymous_2)
FNDA:0,(anonymous_3)
FNDA:0,(anonymous_4)
FNDA:0,(anonymous_5)
FNDA:0,(anonymous_6)
FNDA:0,(anonymous_7)
FNDA:0,(anonymous_8)
FNDA:0,(anonymous_9)
FNDA:0,(anonymous_10)
FNDA:0,(anonymous_11)
FNDA:0,(anonymous_12)
FNDA:0,(anonymous_13)
FNDA:0,(anonymous_14)
FNDA:0,(anonymous_15)
FNDA:0,(anonymous_16)
FNDA:0,(anonymous_17)
FNDA:0,(anonymous_18)
FNDA:0,(anonymous_19)
FNDA:0,(anonymous_20)
DA:7,1
DA:8,1
DA:9,1
DA:10,1
DA:11,1
DA:12,1
DA:13,1
DA:14,1
DA:16,1
DA:17,1
DA:18,1
DA:19,1
DA:21,1
DA:22,1
DA:23,1
DA:24,1
DA:29,1
DA:30,1
DA:33,1
DA:36,1
DA:37,0
DA:39,0
DA:41,0
DA:43,0
DA:45,0
DA:47,0
DA:51,1
DA:52,0
DA:53,0
DA:54,0
DA:55,0
DA:56,0
DA:59,1
DA:60,0
DA:61,0
DA:62,0
DA:65,1
DA:66,0
DA:77,0
DA:78,0
DA:79,0
DA:80,0
DA:89,0
DA:90,0
DA:91,0
DA:94,0
DA:97,0
DA:106,0
DA:107,0
DA:110,0
DA:111,0
DA:122,1
DA:123,0
DA:124,0
DA:125,0
DA:134,0
DA:135,0
DA:136,0
DA:139,0
DA:142,0
DA:143,0
DA:144,0
DA:145,0
DA:149,0
DA:157,0
DA:159,0
DA:160,0
DA:168,1
DA:169,0
DA:172,1
DA:177,0
DA:186,0
DA:197,0
DA:203,0
DA:226,0
DA:232,0
DA:237,0
DA:241,0
LF:78
LH:26
BRDA:30,0,0,1
BRDA:30,0,1,0
BRDA:37,1,0,0
BRDA:37,1,1,0
BRDA:37,1,2,0
BRDA:37,1,3,0
BRDA:37,1,4,0
BRDA:55,2,0,0
BRDA:55,2,1,0
BRDA:77,3,0,0
BRDA:77,3,1,0
BRDA:89,4,0,0
BRDA:89,4,1,0
BRDA:91,5,0,0
BRDA:91,5,1,0
BRDA:114,6,0,0
BRDA:114,6,1,0
BRDA:134,7,0,0
BRDA:134,7,1,0
BRDA:136,8,0,0
BRDA:136,8,1,0
BRDA:145,9,0,0
BRDA:145,9,1,0
BRDA:163,10,0,0
BRDA:163,10,1,0
BRDA:184,11,0,0
BRDA:184,11,1,1
BRDA:216,12,0,1
BRDA:216,12,1,0
BRDA:236,13,0,0
BRDA:236,13,1,0
BRF:31
BRH:3
end_of_record
TN:
SF:src\components\profile\AddVehicle.jsx
FN:10,(anonymous_0)
FN:23,(anonymous_1)
FN:37,(anonymous_2)
FN:56,(anonymous_3)
FN:68,(anonymous_4)
FN:111,(anonymous_5)
FN:140,(anonymous_6)
FN:159,(anonymous_7)
FN:163,(anonymous_8)
FN:164,(anonymous_9)
FN:165,(anonymous_10)
FN:166,(anonymous_11)
FN:177,(anonymous_12)
FN:192,(anonymous_13)
FN:211,(anonymous_14)
FN:219,(anonymous_15)
FNF:16
FNH:0
FNDA:0,(anonymous_0)
FNDA:0,(anonymous_1)
FNDA:0,(anonymous_2)
FNDA:0,(anonymous_3)
FNDA:0,(anonymous_4)
FNDA:0,(anonymous_5)
FNDA:0,(anonymous_6)
FNDA:0,(anonymous_7)
FNDA:0,(anonymous_8)
FNDA:0,(anonymous_9)
FNDA:0,(anonymous_10)
FNDA:0,(anonymous_11)
FNDA:0,(anonymous_12)
FNDA:0,(anonymous_13)
FNDA:0,(anonymous_14)
FNDA:0,(anonymous_15)
DA:10,0
DA:11,0
DA:12,0
DA:13,0
DA:14,0
DA:15,0
DA:16,0
DA:17,0
DA:18,0
DA:19,0
DA:20,0
DA:23,0
DA:24,0
DA:25,0
DA:26,0
DA:27,0
DA:28,0
DA:29,0
DA:32,0
DA:37,0
DA:38,0
DA:39,0
DA:40,0
DA:42,0
DA:43,0
DA:48,0
DA:49,0
DA:51,0
DA:52,0
DA:56,0
DA:57,0
DA:58,0
DA:59,0
DA:60,0
DA:61,0
DA:63,0
DA:68,0
DA:69,0
DA:70,0
DA:71,0
DA:74,0
DA:85,0
DA:86,0
DA:94,0
DA:95,0
DA:96,0
DA:101,0
DA:105,0
DA:111,0
DA:114,0
DA:115,0
DA:123,0
DA:140,0
DA:159,0
DA:163,0
DA:164,0
DA:165,0
DA:166,0
DA:177,0
DA:192,0
DA:211,0
DA:219,0
LF:62
LH:0
BRDA:24,0,0,0
BRDA:24,0,1,0
BRDA:24,1,0,0
BRDA:24,1,1,0
BRDA:28,2,0,0
BRDA:28,2,1,0
BRDA:58,3,0,0
BRDA:58,3,1,0
BRDA:69,4,0,0
BRDA:69,4,1,0
BRDA:69,5,0,0
BRDA:69,5,1,0
BRDA:69,5,2,0
BRDA:69,5,3,0
BRDA:69,5,4,0
BRDA:69,5,5,0
BRDA:69,5,6,0
BRDA:94,6,0,0
BRDA:94,6,1,0
BRDA:134,7,0,0
BRDA:134,7,1,0
BRDA:186,8,0,0
BRDA:186,8,1,0
BRDA:215,9,0,0
BRDA:215,9,1,0
BRF:25
BRH:0
end_of_record
TN:
SF:src\components\profile\ProfilePassenger.jsx
FN:9,(anonymous_0)
FN:20,(anonymous_1)
FN:21,(anonymous_2)
FN:62,(anonymous_3)
FN:121,(anonymous_4)
FN:133,(anonymous_5)
FN:156,(anonymous_6)
FN:191,(anonymous_7)
FN:196,(anonymous_8)
FN:202,(anonymous_9)
FN:208,(anonymous_10)
FN:215,(anonymous_11)
FNF:12
FNH:0
FNDA:0,(anonymous_0)
FNDA:0,(anonymous_1)
FNDA:0,(anonymous_2)
FNDA:0,(anonymous_3)
FNDA:0,(anonymous_4)
FNDA:0,(anonymous_5)
FNDA:0,(anonymous_6)
FNDA:0,(anonymous_7)
FNDA:0,(anonymous_8)
FNDA:0,(anonymous_9)
FNDA:0,(anonymous_10)
FNDA:0,(anonymous_11)
DA:9,0
DA:10,0
DA:11,0
DA:12,0
DA:13,0
DA:14,0
DA:15,0
DA:17,0
DA:18,0
DA:20,0
DA:21,0
DA:22,0
DA:23,0
DA:24,0
DA:25,0
DA:29,0
DA:37,0
DA:38,0
DA:41,0
DA:42,0
DA:45,0
DA:46,0
DA:48,0
DA:49,0
DA:50,0
DA:51,0
DA:52,0
DA:54,0
DA:55,0
DA:59,0
DA:62,0
DA:63,0
DA:64,0
DA:65,0
DA:68,0
DA:69,0
DA:70,0
DA:73,0
DA:74,0
DA:75,0
DA:78,0
DA:85,0
DA:86,0
DA:88,0
DA:89,0
DA:101,0
DA:102,0
DA:103,0
DA:104,0
DA:109,0
DA:112,0
DA:113,0
DA:115,0
DA:121,0
DA:124,0
DA:125,0
DA:133,0
DA:134,0
DA:135,0
DA:136,0
DA:138,0
DA:139,0
DA:147,0
DA:148,0
DA:149,0
DA:151,0
DA:152,0
DA:156,0
DA:157,0
DA:158,0
DA:159,0
DA:160,0
DA:161,0
DA:162,0
DA:164,0
DA:169,0
DA:191,0
DA:196,0
DA:202,0
DA:208,0
DA:215,0
LF:81
LH:0
BRDA:23,0,0,0
BRDA:23,0,1,0
BRDA:37,1,0,0
BRDA:37,1,1,0
BRDA:37,2,0,0
BRDA:37,2,1,0
BRDA:41,3,0,0
BRDA:41,3,1,0
BRDA:49,4,0,0
BRDA:49,4,1,0
BRDA:50,5,0,0
BRDA:50,5,1,0
BRDA:51,6,0,0
BRDA:51,6,1,0
BRDA:52,7,0,0
BRDA:52,7,1,0
BRDA:63,8,0,0
BRDA:63,8,1,0
BRDA:63,9,0,0
BRDA:63,9,1,0
BRDA:63,9,2,0
BRDA:68,10,0,0
BRDA:68,10,1,0
BRDA:73,11,0,0
BRDA:73,11,1,0
BRDA:101,12,0,0
BRDA:101,12,1,0
BRDA:107,13,0,0
BRDA:107,13,1,0
BRDA:158,14,0,0
BRDA:158,14,1,0
BRDA:211,15,0,0
BRDA:211,15,1,0
BRF:33
BRH:0
end_of_record
TN:
SF:src\components\profile\ProfileSetup.jsx
FN:11,(anonymous_0)
FN:24,(anonymous_1)
FN:34,(anonymous_2)
FN:40,(anonymous_3)
FN:63,(anonymous_4)
FN:76,(anonymous_5)
FN:169,(anonymous_6)
FN:171,(anonymous_7)
FN:226,(anonymous_8)
FN:232,(anonymous_9)
FN:238,(anonymous_10)
FN:244,(anonymous_11)
FN:250,(anonymous_12)
FN:256,(anonymous_13)
FN:265,(anonymous_14)
FNF:15
FNH:0
FNDA:0,(anonymous_0)
FNDA:0,(anonymous_1)
FNDA:0,(anonymous_2)
FNDA:0,(anonymous_3)
FNDA:0,(anonymous_4)
FNDA:0,(anonymous_5)
FNDA:0,(anonymous_6)
FNDA:0,(anonymous_7)
FNDA:0,(anonymous_8)
FNDA:0,(anonymous_9)
FNDA:0,(anonymous_10)
FNDA:0,(anonymous_11)
FNDA:0,(anonymous_12)
FNDA:0,(anonymous_13)
FNDA:0,(anonymous_14)
DA:9,0
DA:11,0
DA:12,0
DA:13,0
DA:14,0
DA:15,0
DA:16,0
DA:17,0
DA:18,0
DA:19,0
DA:20,0
DA:22,0
DA:24,0
DA:25,0
DA:26,0
DA:27,0
DA:28,0
DA:29,0
DA:34,0
DA:35,0
DA:36,0
DA:40,0
DA:41,0
DA:42,0
DA:43,0
DA:45,0
DA:46,0
DA:54,0
DA:55,0
DA:56,0
DA:58,0
DA:59,0
DA:63,0
DA:64,0
DA:65,0
DA:66,0
DA:67,0
DA:68,0
DA:70,0
DA:76,0
DA:78,0
DA:79,0
DA:84,0
DA:88,0
DA:89,0
DA:94,0
DA:98,0
DA:99,0
DA:104,0
DA:108,0
DA:109,0
DA:114,0
DA:118,0
DA:120,0
DA:130,0
DA:131,0
DA:133,0
DA:134,0
DA:145,0
DA:146,0
DA:147,0
DA:152,0
DA:155,0
DA:156,0
DA:159,0
DA:168,0
DA:169,0
DA:171,0
DA:174,0
DA:175,0
DA:183,0
DA:226,0
DA:232,0
DA:238,0
DA:244,0
DA:250,0
DA:256,0
DA:265,0
LF:78
LH:0
BRDA:13,0,0,0
BRDA:13,0,1,0
BRDA:14,1,0,0
BRDA:14,1,1,0
BRDA:15,2,0,0
BRDA:15,2,1,0
BRDA:28,3,0,0
BRDA:28,3,1,0
BRDA:65,4,0,0
BRDA:65,4,1,0
BRDA:78,5,0,0
BRDA:78,5,1,0
BRDA:78,6,0,0
BRDA:78,6,1,0
BRDA:78,6,2,0
BRDA:78,6,3,0
BRDA:78,6,4,0
BRDA:88,7,0,0
BRDA:88,7,1,0
BRDA:98,8,0,0
BRDA:98,8,1,0
BRDA:98,9,0,0
BRDA:98,9,1,0
BRDA:108,10,0,0
BRDA:108,10,1,0
BRDA:118,11,0,0
BRDA:118,11,1,0
BRDA:145,12,0,0
BRDA:145,12,1,0
BRDA:168,13,0,0
BRDA:168,13,1,0
BRDA:194,14,0,0
BRDA:194,14,1,0
BRDA:258,15,0,0
BRDA:258,15,1,0
BRF:35
BRH:0
end_of_record
TN:
SF:src\components\reusable\AuthLayout.jsx
FN:4,(anonymous_0)
FNF:1
FNH:1
FNDA:30,(anonymous_0)
DA:4,3
DA:5,30
LF:2
LH:2
BRF:0
BRH:0
end_of_record
TN:
SF:src\components\reusable\CustomButton.jsx
FN:4,(anonymous_0)
FNF:1
FNH:1
FNDA:39,(anonymous_0)
DA:4,6
DA:5,39
LF:2
LH:2
BRDA:4,0,0,9
BRDA:4,1,0,0
BRF:2
BRH:1
end_of_record
TN:
SF:src\components\reusable\CustomInput.jsx
FN:4,(anonymous_0)
FNF:1
FNH:1
FNDA:66,(anonymous_0)
DA:4,3
DA:5,66
LF:2
LH:2
BRDA:4,0,0,0
BRF:1
BRH:0
end_of_record
TN:
SF:src\components\reusable\LinkText.jsx
FN:5,(anonymous_0)
FNF:1
FNH:1
FNDA:30,(anonymous_0)
DA:5,3
DA:6,30
LF:2
LH:2
BRF:0
BRH:0
end_of_record
TN:
SF:src\components\reusable\Modal.jsx
FN:3,(anonymous_0)
FNF:1
FNH:0
FNDA:0,(anonymous_0)
DA:3,0
DA:4,0
DA:6,0
LF:3
LH:0
BRDA:4,0,0,0
BRDA:4,0,1,0
BRF:2
BRH:0
end_of_record
TN:
SF:src\components\reusable\NavigationBar.jsx
FN:5,(anonymous_0)
FNF:1
FNH:1
FNDA:6,(anonymous_0)
DA:5,2
DA:6,6
LF:2
LH:2
BRF:0
BRH:0
end_of_record
TN:
SF:src\components\reusable\Sidebar.jsx
FN:4,(anonymous_0)
FN:8,(anonymous_1)
FN:9,(anonymous_2)
FN:25,(anonymous_3)
FN:32,(anonymous_4)
FN:67,(anonymous_5)
FN:73,(anonymous_6)
FN:79,(anonymous_7)
FNF:8
FNH:0
FNDA:0,(anonymous_0)
FNDA:0,(anonymous_1)
FNDA:0,(anonymous_2)
FNDA:0,(anonymous_3)
FNDA:0,(anonymous_4)
FNDA:0,(anonymous_5)
FNDA:0,(anonymous_6)
FNDA:0,(anonymous_7)
DA:4,2
DA:5,0
DA:6,0
DA:8,0
DA:9,0
DA:10,0
DA:16,0
DA:17,0
DA:18,0
DA:21,0
DA:25,0
DA:26,0
DA:27,0
DA:32,0
DA:33,0
DA:34,0
DA:37,0
DA:38,0
DA:41,0
DA:67,0
DA:73,0
DA:79,0
LF:22
LH:1
BRDA:26,0,0,0
BRDA:26,0,1,0
BRDA:37,1,0,0
BRDA:37,1,1,0
BRDA:64,2,0,0
BRDA:64,2,1,0
BRF:6
BRH:0
end_of_record
TN:
SF:src\components\trip\TripCard.jsx
FN:5,(anonymous_0)
FN:8,(anonymous_1)
FNF:2
FNH:2
FNDA:1,(anonymous_0)
FNDA:1,(anonymous_1)
DA:5,2
DA:6,1
DA:8,1
DA:9,1
DA:12,1
LF:5
LH:5
BRF:0
BRH:0
end_of_record
TN:
SF:src\components\trip\TripDetails.jsx
FN:7,(anonymous_0)
FN:40,(anonymous_1)
FN:63,(anonymous_2)
FN:69,(anonymous_3)
FN:70,(anonymous_4)
FN:104,(anonymous_5)
FN:136,(anonymous_6)
FN:142,(anonymous_7)
FN:192,(anonymous_8)
FN:193,(anonymous_9)
FN:199,(anonymous_10)
FN:205,(anonymous_11)
FN:208,(anonymous_12)
FN:221,(anonymous_13)
FNF:14
FNH:0
FNDA:0,(anonymous_0)
FNDA:0,(anonymous_1)
FNDA:0,(anonymous_2)
FNDA:0,(anonymous_3)
FNDA:0,(anonymous_4)
FNDA:0,(anonymous_5)
FNDA:0,(anonymous_6)
FNDA:0,(anonymous_7)
FNDA:0,(anonymous_8)
FNDA:0,(anonymous_9)
FNDA:0,(anonymous_10)
FNDA:0,(anonymous_11)
FNDA:0,(anonymous_12)
FNDA:0,(anonymous_13)
DA:7,0
DA:8,0
DA:9,0
DA:10,0
DA:11,0
DA:12,0
DA:13,0
DA:14,0
DA:16,0
DA:22,0
DA:29,0
DA:34,0
DA:40,0
DA:43,0
DA:45,0
DA:46,0
DA:48,0
DA:49,0
DA:51,0
DA:52,0
DA:54,0
DA:55,0
DA:57,0
DA:60,0
DA:61,0
DA:62,0
DA:63,0
DA:64,0
DA:66,0
DA:69,0
DA:70,0
DA:71,0
DA:72,0
DA:73,0
DA:74,0
DA:75,0
DA:78,0
DA:79,0
DA:87,0
DA:88,0
DA:91,0
DA:92,0
DA:93,0
DA:95,0
DA:96,0
DA:97,0
DA:101,0
DA:104,0
DA:105,0
DA:107,0
DA:108,0
DA:109,0
DA:118,0
DA:119,0
DA:120,0
DA:126,0
DA:128,0
DA:131,0
DA:132,0
DA:136,0
DA:137,0
DA:138,0
DA:139,0
DA:142,0
DA:143,0
DA:146,0
DA:147,0
DA:154,0
DA:155,0
DA:158,0
DA:160,0
DA:192,0
DA:194,0
DA:200,0
DA:205,0
DA:209,0
DA:221,0
LF:77
LH:0
BRDA:43,0,0,0
BRDA:43,0,1,0
BRDA:43,0,2,0
BRDA:43,0,3,0
BRDA:43,0,4,0
BRDA:61,1,0,0
BRDA:61,1,1,0
BRDA:64,2,0,0
BRDA:64,2,1,0
BRDA:73,3,0,0
BRDA:73,3,1,0
BRDA:87,4,0,0
BRDA:87,4,1,0
BRDA:119,5,0,0
BRDA:119,5,1,0
BRDA:128,6,0,0
BRDA:128,6,1,0
BRDA:146,7,0,0
BRDA:146,7,1,0
BRDA:154,8,0,0
BRDA:154,8,1,0
BRDA:204,9,0,0
BRDA:204,9,1,0
BRF:23
BRH:0
end_of_record
TN:
SF:src\components\trip\TripList.jsx
FN:9,(anonymous_0)
FN:20,(anonymous_1)
FN:21,(anonymous_2)
FN:54,(anonymous_3)
FN:61,(anonymous_4)
FN:62,(anonymous_5)
FN:72,(anonymous_6)
FN:79,(anonymous_7)
FN:91,(anonymous_8)
FN:117,(anonymous_9)
FN:133,(anonymous_10)
FN:153,(anonymous_11)
FN:164,(anonymous_12)
FNF:13
FNH:7
FNDA:3,(anonymous_0)
FNDA:1,(anonymous_1)
FNDA:1,(anonymous_2)
FNDA:2,(anonymous_3)
FNDA:1,(anonymous_4)
FNDA:0,(anonymous_5)
FNDA:1,(anonymous_6)
FNDA:0,(anonymous_7)
FNDA:1,(anonymous_8)
FNDA:0,(anonymous_9)
FNDA:0,(anonymous_10)
FNDA:0,(anonymous_11)
FNDA:0,(anonymous_12)
DA:9,1
DA:10,3
DA:11,3
DA:12,3
DA:13,3
DA:14,3
DA:15,3
DA:16,3
DA:17,3
DA:18,3
DA:20,3
DA:21,1
DA:22,1
DA:24,1
DA:25,1
DA:26,1
DA:29,0
DA:30,0
DA:36,0
DA:37,0
DA:39,0
DA:42,0
DA:43,0
DA:44,0
DA:46,0
DA:50,1
DA:54,3
DA:55,2
DA:56,1
DA:61,3
DA:62,1
DA:63,0
DA:64,0
DA:65,0
DA:66,0
DA:68,1
DA:72,3
DA:73,1
DA:76,3
DA:79,0
DA:91,1
DA:117,0
DA:133,0
DA:154,0
DA:164,0
LF:45
LH:27
BRDA:24,0,0,1
BRDA:24,0,1,0
BRDA:36,1,0,0
BRDA:36,1,1,0
BRDA:36,2,0,0
BRDA:36,2,1,0
BRDA:55,3,0,1
BRDA:55,3,1,1
BRDA:63,4,0,0
BRDA:63,4,1,0
BRDA:64,5,0,0
BRDA:64,5,1,0
BRDA:66,6,0,0
BRDA:66,6,1,0
BRDA:66,6,2,0
BRDA:98,7,0,1
BRDA:98,7,1,2
BRDA:99,8,0,1
BRDA:99,8,1,2
BRDA:146,9,0,3
BRDA:146,9,1,0
BRDA:152,10,0,0
BRDA:152,10,1,0
BRDA:164,11,0,3
BRDA:164,11,1,0
BRF:25
BRH:9
end_of_record
TN:
SF:src\mocks\server.js
FNF:0
FNH:0
DA:4,0
LF:1
LH:0
BRF:0
BRH:0
end_of_record
